[2026-03-11 10:48:17] local.INFO: Detected N+1 Query  
[2026-03-11 10:48:17] local.INFO: Model: App\Models\Result
Relation: App\Models\StudentRecord
Num-Called: 2
Call-Stack:
#18 /app/Livewire/Result/Dashboard.php:66
#19 /app/Livewire/Result/Dashboard.php:30
#20 /vendor/laravel/framework/src/Illuminate/Container/BoundMethod.php:36
#21 /vendor/laravel/framework/src/Illuminate/Container/Util.php:41
#22 /vendor/laravel/framework/src/Illuminate/Container/BoundMethod.php:93
#23 /vendor/laravel/framework/src/Illuminate/Container/BoundMethod.php:35
#24 /vendor/livewire/livewire/src/Wrapped.php:23
#25 /vendor/livewire/livewire/src/Features/SupportEvents/SupportEvents.php:29
#26 /vendor/livewire/livewire/src/ComponentHook.php:41
#27 /vendor/livewire/livewire/src/ComponentHookRegistry.php:110
#28 /vendor/livewire/livewire/src/ComponentHookRegistry.php:65
#29 /vendor/livewire/livewire/src/EventBus.php:60
#30 /vendor/livewire/livewire/src/helpers.php:98
#32 /vendor/livewire/livewire/src/Mechanisms/HandleComponents/HandleComponents.php:101
#33 /vendor/livewire/livewire/src/LivewireManager.php:102
#34 /vendor/livewire/livewire/src/Mechanisms/HandleRequests/HandleRequests.php:131
#35 /vendor/laravel/framework/src/Illuminate/Routing/ControllerDispatcher.php:46
#36 /vendor/laravel/framework/src/Illuminate/Routing/Route.php:259
#37 /vendor/laravel/framework/src/Illuminate/Routing/Route.php:205
#38 /vendor/laravel/framework/src/Illuminate/Routing/Router.php:806
#39 /vendor/laravel/framework/src/Illuminate/Pipeline/Pipeline.php:144
#40 /vendor/barryvdh/laravel-debugbar/src/Middleware/InjectDebugbar.php:59
#41 /vendor/laravel/framework/src/Illuminate/Pipeline/Pipeline.php:183
#42 /vendor/laravel/framework/src/Illuminate/Routing/Middleware/SubstituteBindings.php:50
#43 /vendor/laravel/framework/src/Illuminate/Pipeline/Pipeline.php:183
#44 /vendor/laravel/framework/src/Illuminate/Foundation/Http/Middleware/VerifyCsrfToken.php:78
#45 /vendor/laravel/framework/src/Illuminate/Pipeline/Pipeline.php:183
#46 /vendor/laravel/framework/src/Illuminate/View/Middleware/ShareErrorsFromSession.php:49
#47 /vendor/laravel/framework/src/Illuminate/Pipeline/Pipeline.php:183
#48 /vendor/laravel/framework/src/Illuminate/Session/Middleware/StartSession.php:121
#49 /vendor/laravel/framework/src/Illuminate/Session/Middleware/StartSession.php:64
  
[2026-03-11 10:48:17] local.INFO: Model: App\Models\StudentRecord
Relation: App\Models\User
Num-Called: 2
Call-Stack:
#23 /app/Livewire/Result/Dashboard.php:66
#24 /app/Livewire/Result/Dashboard.php:30
#25 /vendor/laravel/framework/src/Illuminate/Container/BoundMethod.php:36
#26 /vendor/laravel/framework/src/Illuminate/Container/Util.php:41
#27 /vendor/laravel/framework/src/Illuminate/Container/BoundMethod.php:93
#28 /vendor/laravel/framework/src/Illuminate/Container/BoundMethod.php:35
#29 /vendor/livewire/livewire/src/Wrapped.php:23
#30 /vendor/livewire/livewire/src/Features/SupportEvents/SupportEvents.php:29
#31 /vendor/livewire/livewire/src/ComponentHook.php:41
#32 /vendor/livewire/livewire/src/ComponentHookRegistry.php:110
#33 /vendor/livewire/livewire/src/ComponentHookRegistry.php:65
#34 /vendor/livewire/livewire/src/EventBus.php:60
#35 /vendor/livewire/livewire/src/helpers.php:98
#37 /vendor/livewire/livewire/src/Mechanisms/HandleComponents/HandleComponents.php:101
#38 /vendor/livewire/livewire/src/LivewireManager.php:102
#39 /vendor/livewire/livewire/src/Mechanisms/HandleRequests/HandleRequests.php:131
#40 /vendor/laravel/framework/src/Illuminate/Routing/ControllerDispatcher.php:46
#41 /vendor/laravel/framework/src/Illuminate/Routing/Route.php:259
#42 /vendor/laravel/framework/src/Illuminate/Routing/Route.php:205
#43 /vendor/laravel/framework/src/Illuminate/Routing/Router.php:806
#44 /vendor/laravel/framework/src/Illuminate/Pipeline/Pipeline.php:144
#45 /vendor/barryvdh/laravel-debugbar/src/Middleware/InjectDebugbar.php:59
#46 /vendor/laravel/framework/src/Illuminate/Pipeline/Pipeline.php:183
#47 /vendor/laravel/framework/src/Illuminate/Routing/Middleware/SubstituteBindings.php:50
#48 /vendor/laravel/framework/src/Illuminate/Pipeline/Pipeline.php:183
#49 /vendor/laravel/framework/src/Illuminate/Foundation/Http/Middleware/VerifyCsrfToken.php:78
  
[2026-03-11 10:48:17] local.INFO: Model: App\Models\Result
Relation: App\Models\Subject
Num-Called: 2
Call-Stack:
#18 /app/Livewire/Result/Dashboard.php:66
#19 /app/Livewire/Result/Dashboard.php:30
#20 /vendor/laravel/framework/src/Illuminate/Container/BoundMethod.php:36
#21 /vendor/laravel/framework/src/Illuminate/Container/Util.php:41
#22 /vendor/laravel/framework/src/Illuminate/Container/BoundMethod.php:93
#23 /vendor/laravel/framework/src/Illuminate/Container/BoundMethod.php:35
#24 /vendor/livewire/livewire/src/Wrapped.php:23
#25 /vendor/livewire/livewire/src/Features/SupportEvents/SupportEvents.php:29
#26 /vendor/livewire/livewire/src/ComponentHook.php:41
#27 /vendor/livewire/livewire/src/ComponentHookRegistry.php:110
#28 /vendor/livewire/livewire/src/ComponentHookRegistry.php:65
#29 /vendor/livewire/livewire/src/EventBus.php:60
#30 /vendor/livewire/livewire/src/helpers.php:98
#32 /vendor/livewire/livewire/src/Mechanisms/HandleComponents/HandleComponents.php:101
#33 /vendor/livewire/livewire/src/LivewireManager.php:102
#34 /vendor/livewire/livewire/src/Mechanisms/HandleRequests/HandleRequests.php:131
#35 /vendor/laravel/framework/src/Illuminate/Routing/ControllerDispatcher.php:46
#36 /vendor/laravel/framework/src/Illuminate/Routing/Route.php:259
#37 /vendor/laravel/framework/src/Illuminate/Routing/Route.php:205
#38 /vendor/laravel/framework/src/Illuminate/Routing/Router.php:806
#39 /vendor/laravel/framework/src/Illuminate/Pipeline/Pipeline.php:144
#40 /vendor/barryvdh/laravel-debugbar/src/Middleware/InjectDebugbar.php:59
#41 /vendor/laravel/framework/src/Illuminate/Pipeline/Pipeline.php:183
#42 /vendor/laravel/framework/src/Illuminate/Routing/Middleware/SubstituteBindings.php:50
#43 /vendor/laravel/framework/src/Illuminate/Pipeline/Pipeline.php:183
#44 /vendor/laravel/framework/src/Illuminate/Foundation/Http/Middleware/VerifyCsrfToken.php:78
#45 /vendor/laravel/framework/src/Illuminate/Pipeline/Pipeline.php:183
#46 /vendor/laravel/framework/src/Illuminate/View/Middleware/ShareErrorsFromSession.php:49
#47 /vendor/laravel/framework/src/Illuminate/Pipeline/Pipeline.php:183
#48 /vendor/laravel/framework/src/Illuminate/Session/Middleware/StartSession.php:121
#49 /vendor/laravel/framework/src/Illuminate/Session/Middleware/StartSession.php:64
  
[2026-03-11 10:48:17] local.INFO: Model: App\Models\Result
Relation: App\Models\StudentRecord
Num-Called: 2
Call-Stack:
#18 /app/Livewire/Result/AwardsManager.php:140
#19 /app/Livewire/Result/AwardsManager.php:49
#20 /vendor/laravel/framework/src/Illuminate/Container/BoundMethod.php:36
#21 /vendor/laravel/framework/src/Illuminate/Container/Util.php:41
#22 /vendor/laravel/framework/src/Illuminate/Container/BoundMethod.php:93
#23 /vendor/laravel/framework/src/Illuminate/Container/BoundMethod.php:35
#24 /vendor/livewire/livewire/src/Wrapped.php:23
#25 /vendor/livewire/livewire/src/Features/SupportEvents/SupportEvents.php:29
#26 /vendor/livewire/livewire/src/ComponentHook.php:41
#27 /vendor/livewire/livewire/src/ComponentHookRegistry.php:110
#28 /vendor/livewire/livewire/src/ComponentHookRegistry.php:65
#29 /vendor/livewire/livewire/src/EventBus.php:60
#30 /vendor/livewire/livewire/src/helpers.php:98
#32 /vendor/livewire/livewire/src/Mechanisms/HandleComponents/HandleComponents.php:101
#33 /vendor/livewire/livewire/src/LivewireManager.php:102
#34 /vendor/livewire/livewire/src/Mechanisms/HandleRequests/HandleRequests.php:131
#35 /vendor/laravel/framework/src/Illuminate/Routing/ControllerDispatcher.php:46
#36 /vendor/laravel/framework/src/Illuminate/Routing/Route.php:259
#37 /vendor/laravel/framework/src/Illuminate/Routing/Route.php:205
#38 /vendor/laravel/framework/src/Illuminate/Routing/Router.php:806
#39 /vendor/laravel/framework/src/Illuminate/Pipeline/Pipeline.php:144
#40 /vendor/barryvdh/laravel-debugbar/src/Middleware/InjectDebugbar.php:59
#41 /vendor/laravel/framework/src/Illuminate/Pipeline/Pipeline.php:183
#42 /vendor/laravel/framework/src/Illuminate/Routing/Middleware/SubstituteBindings.php:50
#43 /vendor/laravel/framework/src/Illuminate/Pipeline/Pipeline.php:183
#44 /vendor/laravel/framework/src/Illuminate/Foundation/Http/Middleware/VerifyCsrfToken.php:78
#45 /vendor/laravel/framework/src/Illuminate/Pipeline/Pipeline.php:183
#46 /vendor/laravel/framework/src/Illuminate/View/Middleware/ShareErrorsFromSession.php:49
#47 /vendor/laravel/framework/src/Illuminate/Pipeline/Pipeline.php:183
#48 /vendor/laravel/framework/src/Illuminate/Session/Middleware/StartSession.php:121
#49 /vendor/laravel/framework/src/Illuminate/Session/Middleware/StartSession.php:64
  
[2026-03-11 10:48:17] local.INFO: Model: App\Models\StudentRecord
Relation: App\Models\User
Num-Called: 2
Call-Stack:
#23 /app/Livewire/Result/AwardsManager.php:140
#24 /app/Livewire/Result/AwardsManager.php:49
#25 /vendor/laravel/framework/src/Illuminate/Container/BoundMethod.php:36
#26 /vendor/laravel/framework/src/Illuminate/Container/Util.php:41
#27 /vendor/laravel/framework/src/Illuminate/Container/BoundMethod.php:93
#28 /vendor/laravel/framework/src/Illuminate/Container/BoundMethod.php:35
#29 /vendor/livewire/livewire/src/Wrapped.php:23
#30 /vendor/livewire/livewire/src/Features/SupportEvents/SupportEvents.php:29
#31 /vendor/livewire/livewire/src/ComponentHook.php:41
#32 /vendor/livewire/livewire/src/ComponentHookRegistry.php:110
#33 /vendor/livewire/livewire/src/ComponentHookRegistry.php:65
#34 /vendor/livewire/livewire/src/EventBus.php:60
#35 /vendor/livewire/livewire/src/helpers.php:98
#37 /vendor/livewire/livewire/src/Mechanisms/HandleComponents/HandleComponents.php:101
#38 /vendor/livewire/livewire/src/LivewireManager.php:102
#39 /vendor/livewire/livewire/src/Mechanisms/HandleRequests/HandleRequests.php:131
#40 /vendor/laravel/framework/src/Illuminate/Routing/ControllerDispatcher.php:46
#41 /vendor/laravel/framework/src/Illuminate/Routing/Route.php:259
#42 /vendor/laravel/framework/src/Illuminate/Routing/Route.php:205
#43 /vendor/laravel/framework/src/Illuminate/Routing/Router.php:806
#44 /vendor/laravel/framework/src/Illuminate/Pipeline/Pipeline.php:144
#45 /vendor/barryvdh/laravel-debugbar/src/Middleware/InjectDebugbar.php:59
#46 /vendor/laravel/framework/src/Illuminate/Pipeline/Pipeline.php:183
#47 /vendor/laravel/framework/src/Illuminate/Routing/Middleware/SubstituteBindings.php:50
#48 /vendor/laravel/framework/src/Illuminate/Pipeline/Pipeline.php:183
#49 /vendor/laravel/framework/src/Illuminate/Foundation/Http/Middleware/VerifyCsrfToken.php:78
  
[2026-03-11 10:48:17] local.INFO: Model: App\Models\StudentRecord
Relation: App\Models\MyClass
Num-Called: 2
Call-Stack:
#23 /app/Livewire/Result/AwardsManager.php:140
#24 /app/Livewire/Result/AwardsManager.php:49
#25 /vendor/laravel/framework/src/Illuminate/Container/BoundMethod.php:36
#26 /vendor/laravel/framework/src/Illuminate/Container/Util.php:41
#27 /vendor/laravel/framework/src/Illuminate/Container/BoundMethod.php:93
#28 /vendor/laravel/framework/src/Illuminate/Container/BoundMethod.php:35
#29 /vendor/livewire/livewire/src/Wrapped.php:23
#30 /vendor/livewire/livewire/src/Features/SupportEvents/SupportEvents.php:29
#31 /vendor/livewire/livewire/src/ComponentHook.php:41
#32 /vendor/livewire/livewire/src/ComponentHookRegistry.php:110
#33 /vendor/livewire/livewire/src/ComponentHookRegistry.php:65
#34 /vendor/livewire/livewire/src/EventBus.php:60
#35 /vendor/livewire/livewire/src/helpers.php:98
#37 /vendor/livewire/livewire/src/Mechanisms/HandleComponents/HandleComponents.php:101
#38 /vendor/livewire/livewire/src/LivewireManager.php:102
#39 /vendor/livewire/livewire/src/Mechanisms/HandleRequests/HandleRequests.php:131
#40 /vendor/laravel/framework/src/Illuminate/Routing/ControllerDispatcher.php:46
#41 /vendor/laravel/framework/src/Illuminate/Routing/Route.php:259
#42 /vendor/laravel/framework/src/Illuminate/Routing/Route.php:205
#43 /vendor/laravel/framework/src/Illuminate/Routing/Router.php:806
#44 /vendor/laravel/framework/src/Illuminate/Pipeline/Pipeline.php:144
#45 /vendor/barryvdh/laravel-debugbar/src/Middleware/InjectDebugbar.php:59
#46 /vendor/laravel/framework/src/Illuminate/Pipeline/Pipeline.php:183
#47 /vendor/laravel/framework/src/Illuminate/Routing/Middleware/SubstituteBindings.php:50
#48 /vendor/laravel/framework/src/Illuminate/Pipeline/Pipeline.php:183
#49 /vendor/laravel/framework/src/Illuminate/Foundation/Http/Middleware/VerifyCsrfToken.php:78
  
[2026-03-11 10:48:17] local.INFO: Model: App\Models\Result
Relation: App\Models\Subject
Num-Called: 2
Call-Stack:
#18 /app/Livewire/Result/AwardsManager.php:140
#19 /app/Livewire/Result/AwardsManager.php:49
#20 /vendor/laravel/framework/src/Illuminate/Container/BoundMethod.php:36
#21 /vendor/laravel/framework/src/Illuminate/Container/Util.php:41
#22 /vendor/laravel/framework/src/Illuminate/Container/BoundMethod.php:93
#23 /vendor/laravel/framework/src/Illuminate/Container/BoundMethod.php:35
#24 /vendor/livewire/livewire/src/Wrapped.php:23
#25 /vendor/livewire/livewire/src/Features/SupportEvents/SupportEvents.php:29
#26 /vendor/livewire/livewire/src/ComponentHook.php:41
#27 /vendor/livewire/livewire/src/ComponentHookRegistry.php:110
#28 /vendor/livewire/livewire/src/ComponentHookRegistry.php:65
#29 /vendor/livewire/livewire/src/EventBus.php:60
#30 /vendor/livewire/livewire/src/helpers.php:98
#32 /vendor/livewire/livewire/src/Mechanisms/HandleComponents/HandleComponents.php:101
#33 /vendor/livewire/livewire/src/LivewireManager.php:102
#34 /vendor/livewire/livewire/src/Mechanisms/HandleRequests/HandleRequests.php:131
#35 /vendor/laravel/framework/src/Illuminate/Routing/ControllerDispatcher.php:46
#36 /vendor/laravel/framework/src/Illuminate/Routing/Route.php:259
#37 /vendor/laravel/framework/src/Illuminate/Routing/Route.php:205
#38 /vendor/laravel/framework/src/Illuminate/Routing/Router.php:806
#39 /vendor/laravel/framework/src/Illuminate/Pipeline/Pipeline.php:144
#40 /vendor/barryvdh/laravel-debugbar/src/Middleware/InjectDebugbar.php:59
#41 /vendor/laravel/framework/src/Illuminate/Pipeline/Pipeline.php:183
#42 /vendor/laravel/framework/src/Illuminate/Routing/Middleware/SubstituteBindings.php:50
#43 /vendor/laravel/framework/src/Illuminate/Pipeline/Pipeline.php:183
#44 /vendor/laravel/framework/src/Illuminate/Foundation/Http/Middleware/VerifyCsrfToken.php:78
#45 /vendor/laravel/framework/src/Illuminate/Pipeline/Pipeline.php:183
#46 /vendor/laravel/framework/src/Illuminate/View/Middleware/ShareErrorsFromSession.php:49
#47 /vendor/laravel/framework/src/Illuminate/Pipeline/Pipeline.php:183
#48 /vendor/laravel/framework/src/Illuminate/Session/Middleware/StartSession.php:121
#49 /vendor/laravel/framework/src/Illuminate/Session/Middleware/StartSession.php:64
  
[2026-03-11 10:48:23] local.INFO: Detected N+1 Query  
[2026-03-11 10:48:23] local.INFO: Model: App\Models\Result
Relation: App\Models\StudentRecord
Num-Called: 2
Call-Stack:
#18 /app/Livewire/Result/Dashboard.php:66
#19 /app/Livewire/Result/Dashboard.php:30
#20 /vendor/laravel/framework/src/Illuminate/Container/BoundMethod.php:36
#21 /vendor/laravel/framework/src/Illuminate/Container/Util.php:41
#22 /vendor/laravel/framework/src/Illuminate/Container/BoundMethod.php:93
#23 /vendor/laravel/framework/src/Illuminate/Container/BoundMethod.php:35
#24 /vendor/livewire/livewire/src/Wrapped.php:23
#25 /vendor/livewire/livewire/src/Features/SupportEvents/SupportEvents.php:29
#26 /vendor/livewire/livewire/src/ComponentHook.php:41
#27 /vendor/livewire/livewire/src/ComponentHookRegistry.php:110
#28 /vendor/livewire/livewire/src/ComponentHookRegistry.php:65
#29 /vendor/livewire/livewire/src/EventBus.php:60
#30 /vendor/livewire/livewire/src/helpers.php:98
#32 /vendor/livewire/livewire/src/Mechanisms/HandleComponents/HandleComponents.php:101
#33 /vendor/livewire/livewire/src/LivewireManager.php:102
#34 /vendor/livewire/livewire/src/Mechanisms/HandleRequests/HandleRequests.php:131
#35 /vendor/laravel/framework/src/Illuminate/Routing/ControllerDispatcher.php:46
#36 /vendor/laravel/framework/src/Illuminate/Routing/Route.php:259
#37 /vendor/laravel/framework/src/Illuminate/Routing/Route.php:205
#38 /vendor/laravel/framework/src/Illuminate/Routing/Router.php:806
#39 /vendor/laravel/framework/src/Illuminate/Pipeline/Pipeline.php:144
#40 /vendor/barryvdh/laravel-debugbar/src/Middleware/InjectDebugbar.php:59
#41 /vendor/laravel/framework/src/Illuminate/Pipeline/Pipeline.php:183
#42 /vendor/laravel/framework/src/Illuminate/Routing/Middleware/SubstituteBindings.php:50
#43 /vendor/laravel/framework/src/Illuminate/Pipeline/Pipeline.php:183
#44 /vendor/laravel/framework/src/Illuminate/Foundation/Http/Middleware/VerifyCsrfToken.php:78
#45 /vendor/laravel/framework/src/Illuminate/Pipeline/Pipeline.php:183
#46 /vendor/laravel/framework/src/Illuminate/View/Middleware/ShareErrorsFromSession.php:49
#47 /vendor/laravel/framework/src/Illuminate/Pipeline/Pipeline.php:183
#48 /vendor/laravel/framework/src/Illuminate/Session/Middleware/StartSession.php:121
#49 /vendor/laravel/framework/src/Illuminate/Session/Middleware/StartSession.php:64
  
[2026-03-11 10:48:23] local.INFO: Model: App\Models\StudentRecord
Relation: App\Models\User
Num-Called: 2
Call-Stack:
#23 /app/Livewire/Result/Dashboard.php:66
#24 /app/Livewire/Result/Dashboard.php:30
#25 /vendor/laravel/framework/src/Illuminate/Container/BoundMethod.php:36
#26 /vendor/laravel/framework/src/Illuminate/Container/Util.php:41
#27 /vendor/laravel/framework/src/Illuminate/Container/BoundMethod.php:93
#28 /vendor/laravel/framework/src/Illuminate/Container/BoundMethod.php:35
#29 /vendor/livewire/livewire/src/Wrapped.php:23
#30 /vendor/livewire/livewire/src/Features/SupportEvents/SupportEvents.php:29
#31 /vendor/livewire/livewire/src/ComponentHook.php:41
#32 /vendor/livewire/livewire/src/ComponentHookRegistry.php:110
#33 /vendor/livewire/livewire/src/ComponentHookRegistry.php:65
#34 /vendor/livewire/livewire/src/EventBus.php:60
#35 /vendor/livewire/livewire/src/helpers.php:98
#37 /vendor/livewire/livewire/src/Mechanisms/HandleComponents/HandleComponents.php:101
#38 /vendor/livewire/livewire/src/LivewireManager.php:102
#39 /vendor/livewire/livewire/src/Mechanisms/HandleRequests/HandleRequests.php:131
#40 /vendor/laravel/framework/src/Illuminate/Routing/ControllerDispatcher.php:46
#41 /vendor/laravel/framework/src/Illuminate/Routing/Route.php:259
#42 /vendor/laravel/framework/src/Illuminate/Routing/Route.php:205
#43 /vendor/laravel/framework/src/Illuminate/Routing/Router.php:806
#44 /vendor/laravel/framework/src/Illuminate/Pipeline/Pipeline.php:144
#45 /vendor/barryvdh/laravel-debugbar/src/Middleware/InjectDebugbar.php:59
#46 /vendor/laravel/framework/src/Illuminate/Pipeline/Pipeline.php:183
#47 /vendor/laravel/framework/src/Illuminate/Routing/Middleware/SubstituteBindings.php:50
#48 /vendor/laravel/framework/src/Illuminate/Pipeline/Pipeline.php:183
#49 /vendor/laravel/framework/src/Illuminate/Foundation/Http/Middleware/VerifyCsrfToken.php:78
  
[2026-03-11 10:48:23] local.INFO: Model: App\Models\Result
Relation: App\Models\Subject
Num-Called: 2
Call-Stack:
#18 /app/Livewire/Result/Dashboard.php:66
#19 /app/Livewire/Result/Dashboard.php:30
#20 /vendor/laravel/framework/src/Illuminate/Container/BoundMethod.php:36
#21 /vendor/laravel/framework/src/Illuminate/Container/Util.php:41
#22 /vendor/laravel/framework/src/Illuminate/Container/BoundMethod.php:93
#23 /vendor/laravel/framework/src/Illuminate/Container/BoundMethod.php:35
#24 /vendor/livewire/livewire/src/Wrapped.php:23
#25 /vendor/livewire/livewire/src/Features/SupportEvents/SupportEvents.php:29
#26 /vendor/livewire/livewire/src/ComponentHook.php:41
#27 /vendor/livewire/livewire/src/ComponentHookRegistry.php:110
#28 /vendor/livewire/livewire/src/ComponentHookRegistry.php:65
#29 /vendor/livewire/livewire/src/EventBus.php:60
#30 /vendor/livewire/livewire/src/helpers.php:98
#32 /vendor/livewire/livewire/src/Mechanisms/HandleComponents/HandleComponents.php:101
#33 /vendor/livewire/livewire/src/LivewireManager.php:102
#34 /vendor/livewire/livewire/src/Mechanisms/HandleRequests/HandleRequests.php:131
#35 /vendor/laravel/framework/src/Illuminate/Routing/ControllerDispatcher.php:46
#36 /vendor/laravel/framework/src/Illuminate/Routing/Route.php:259
#37 /vendor/laravel/framework/src/Illuminate/Routing/Route.php:205
#38 /vendor/laravel/framework/src/Illuminate/Routing/Router.php:806
#39 /vendor/laravel/framework/src/Illuminate/Pipeline/Pipeline.php:144
#40 /vendor/barryvdh/laravel-debugbar/src/Middleware/InjectDebugbar.php:59
#41 /vendor/laravel/framework/src/Illuminate/Pipeline/Pipeline.php:183
#42 /vendor/laravel/framework/src/Illuminate/Routing/Middleware/SubstituteBindings.php:50
#43 /vendor/laravel/framework/src/Illuminate/Pipeline/Pipeline.php:183
#44 /vendor/laravel/framework/src/Illuminate/Foundation/Http/Middleware/VerifyCsrfToken.php:78
#45 /vendor/laravel/framework/src/Illuminate/Pipeline/Pipeline.php:183
#46 /vendor/laravel/framework/src/Illuminate/View/Middleware/ShareErrorsFromSession.php:49
#47 /vendor/laravel/framework/src/Illuminate/Pipeline/Pipeline.php:183
#48 /vendor/laravel/framework/src/Illuminate/Session/Middleware/StartSession.php:121
#49 /vendor/laravel/framework/src/Illuminate/Session/Middleware/StartSession.php:64
  
[2026-03-11 10:48:23] local.INFO: Model: App\Models\Result
Relation: App\Models\StudentRecord
Num-Called: 2
Call-Stack:
#18 /app/Livewire/Result/AwardsManager.php:140
#19 /app/Livewire/Result/AwardsManager.php:49
#20 /vendor/laravel/framework/src/Illuminate/Container/BoundMethod.php:36
#21 /vendor/laravel/framework/src/Illuminate/Container/Util.php:41
#22 /vendor/laravel/framework/src/Illuminate/Container/BoundMethod.php:93
#23 /vendor/laravel/framework/src/Illuminate/Container/BoundMethod.php:35
#24 /vendor/livewire/livewire/src/Wrapped.php:23
#25 /vendor/livewire/livewire/src/Features/SupportEvents/SupportEvents.php:29
#26 /vendor/livewire/livewire/src/ComponentHook.php:41
#27 /vendor/livewire/livewire/src/ComponentHookRegistry.php:110
#28 /vendor/livewire/livewire/src/ComponentHookRegistry.php:65
#29 /vendor/livewire/livewire/src/EventBus.php:60
#30 /vendor/livewire/livewire/src/helpers.php:98
#32 /vendor/livewire/livewire/src/Mechanisms/HandleComponents/HandleComponents.php:101
#33 /vendor/livewire/livewire/src/LivewireManager.php:102
#34 /vendor/livewire/livewire/src/Mechanisms/HandleRequests/HandleRequests.php:131
#35 /vendor/laravel/framework/src/Illuminate/Routing/ControllerDispatcher.php:46
#36 /vendor/laravel/framework/src/Illuminate/Routing/Route.php:259
#37 /vendor/laravel/framework/src/Illuminate/Routing/Route.php:205
#38 /vendor/laravel/framework/src/Illuminate/Routing/Router.php:806
#39 /vendor/laravel/framework/src/Illuminate/Pipeline/Pipeline.php:144
#40 /vendor/barryvdh/laravel-debugbar/src/Middleware/InjectDebugbar.php:59
#41 /vendor/laravel/framework/src/Illuminate/Pipeline/Pipeline.php:183
#42 /vendor/laravel/framework/src/Illuminate/Routing/Middleware/SubstituteBindings.php:50
#43 /vendor/laravel/framework/src/Illuminate/Pipeline/Pipeline.php:183
#44 /vendor/laravel/framework/src/Illuminate/Foundation/Http/Middleware/VerifyCsrfToken.php:78
#45 /vendor/laravel/framework/src/Illuminate/Pipeline/Pipeline.php:183
#46 /vendor/laravel/framework/src/Illuminate/View/Middleware/ShareErrorsFromSession.php:49
#47 /vendor/laravel/framework/src/Illuminate/Pipeline/Pipeline.php:183
#48 /vendor/laravel/framework/src/Illuminate/Session/Middleware/StartSession.php:121
#49 /vendor/laravel/framework/src/Illuminate/Session/Middleware/StartSession.php:64
  
[2026-03-11 10:48:23] local.INFO: Model: App\Models\StudentRecord
Relation: App\Models\User
Num-Called: 2
Call-Stack:
#23 /app/Livewire/Result/AwardsManager.php:140
#24 /app/Livewire/Result/AwardsManager.php:49
#25 /vendor/laravel/framework/src/Illuminate/Container/BoundMethod.php:36
#26 /vendor/laravel/framework/src/Illuminate/Container/Util.php:41
#27 /vendor/laravel/framework/src/Illuminate/Container/BoundMethod.php:93
#28 /vendor/laravel/framework/src/Illuminate/Container/BoundMethod.php:35
#29 /vendor/livewire/livewire/src/Wrapped.php:23
#30 /vendor/livewire/livewire/src/Features/SupportEvents/SupportEvents.php:29
#31 /vendor/livewire/livewire/src/ComponentHook.php:41
#32 /vendor/livewire/livewire/src/ComponentHookRegistry.php:110
#33 /vendor/livewire/livewire/src/ComponentHookRegistry.php:65
#34 /vendor/livewire/livewire/src/EventBus.php:60
#35 /vendor/livewire/livewire/src/helpers.php:98
#37 /vendor/livewire/livewire/src/Mechanisms/HandleComponents/HandleComponents.php:101
#38 /vendor/livewire/livewire/src/LivewireManager.php:102
#39 /vendor/livewire/livewire/src/Mechanisms/HandleRequests/HandleRequests.php:131
#40 /vendor/laravel/framework/src/Illuminate/Routing/ControllerDispatcher.php:46
#41 /vendor/laravel/framework/src/Illuminate/Routing/Route.php:259
#42 /vendor/laravel/framework/src/Illuminate/Routing/Route.php:205
#43 /vendor/laravel/framework/src/Illuminate/Routing/Router.php:806
#44 /vendor/laravel/framework/src/Illuminate/Pipeline/Pipeline.php:144
#45 /vendor/barryvdh/laravel-debugbar/src/Middleware/InjectDebugbar.php:59
#46 /vendor/laravel/framework/src/Illuminate/Pipeline/Pipeline.php:183
#47 /vendor/laravel/framework/src/Illuminate/Routing/Middleware/SubstituteBindings.php:50
#48 /vendor/laravel/framework/src/Illuminate/Pipeline/Pipeline.php:183
#49 /vendor/laravel/framework/src/Illuminate/Foundation/Http/Middleware/VerifyCsrfToken.php:78
  
[2026-03-11 10:48:23] local.INFO: Model: App\Models\StudentRecord
Relation: App\Models\MyClass
Num-Called: 2
Call-Stack:
#23 /app/Livewire/Result/AwardsManager.php:140
#24 /app/Livewire/Result/AwardsManager.php:49
#25 /vendor/laravel/framework/src/Illuminate/Container/BoundMethod.php:36
#26 /vendor/laravel/framework/src/Illuminate/Container/Util.php:41
#27 /vendor/laravel/framework/src/Illuminate/Container/BoundMethod.php:93
#28 /vendor/laravel/framework/src/Illuminate/Container/BoundMethod.php:35
#29 /vendor/livewire/livewire/src/Wrapped.php:23
#30 /vendor/livewire/livewire/src/Features/SupportEvents/SupportEvents.php:29
#31 /vendor/livewire/livewire/src/ComponentHook.php:41
#32 /vendor/livewire/livewire/src/ComponentHookRegistry.php:110
#33 /vendor/livewire/livewire/src/ComponentHookRegistry.php:65
#34 /vendor/livewire/livewire/src/EventBus.php:60
#35 /vendor/livewire/livewire/src/helpers.php:98
#37 /vendor/livewire/livewire/src/Mechanisms/HandleComponents/HandleComponents.php:101
#38 /vendor/livewire/livewire/src/LivewireManager.php:102
#39 /vendor/livewire/livewire/src/Mechanisms/HandleRequests/HandleRequests.php:131
#40 /vendor/laravel/framework/src/Illuminate/Routing/ControllerDispatcher.php:46
#41 /vendor/laravel/framework/src/Illuminate/Routing/Route.php:259
#42 /vendor/laravel/framework/src/Illuminate/Routing/Route.php:205
#43 /vendor/laravel/framework/src/Illuminate/Routing/Router.php:806
#44 /vendor/laravel/framework/src/Illuminate/Pipeline/Pipeline.php:144
#45 /vendor/barryvdh/laravel-debugbar/src/Middleware/InjectDebugbar.php:59
#46 /vendor/laravel/framework/src/Illuminate/Pipeline/Pipeline.php:183
#47 /vendor/laravel/framework/src/Illuminate/Routing/Middleware/SubstituteBindings.php:50
#48 /vendor/laravel/framework/src/Illuminate/Pipeline/Pipeline.php:183
#49 /vendor/laravel/framework/src/Illuminate/Foundation/Http/Middleware/VerifyCsrfToken.php:78
  
[2026-03-11 10:48:23] local.INFO: Model: App\Models\Result
Relation: App\Models\Subject
Num-Called: 2
Call-Stack:
#18 /app/Livewire/Result/AwardsManager.php:140
#19 /app/Livewire/Result/AwardsManager.php:49
#20 /vendor/laravel/framework/src/Illuminate/Container/BoundMethod.php:36
#21 /vendor/laravel/framework/src/Illuminate/Container/Util.php:41
#22 /vendor/laravel/framework/src/Illuminate/Container/BoundMethod.php:93
#23 /vendor/laravel/framework/src/Illuminate/Container/BoundMethod.php:35
#24 /vendor/livewire/livewire/src/Wrapped.php:23
#25 /vendor/livewire/livewire/src/Features/SupportEvents/SupportEvents.php:29
#26 /vendor/livewire/livewire/src/ComponentHook.php:41
#27 /vendor/livewire/livewire/src/ComponentHookRegistry.php:110
#28 /vendor/livewire/livewire/src/ComponentHookRegistry.php:65
#29 /vendor/livewire/livewire/src/EventBus.php:60
#30 /vendor/livewire/livewire/src/helpers.php:98
#32 /vendor/livewire/livewire/src/Mechanisms/HandleComponents/HandleComponents.php:101
#33 /vendor/livewire/livewire/src/LivewireManager.php:102
#34 /vendor/livewire/livewire/src/Mechanisms/HandleRequests/HandleRequests.php:131
#35 /vendor/laravel/framework/src/Illuminate/Routing/ControllerDispatcher.php:46
#36 /vendor/laravel/framework/src/Illuminate/Routing/Route.php:259
#37 /vendor/laravel/framework/src/Illuminate/Routing/Route.php:205
#38 /vendor/laravel/framework/src/Illuminate/Routing/Router.php:806
#39 /vendor/laravel/framework/src/Illuminate/Pipeline/Pipeline.php:144
#40 /vendor/barryvdh/laravel-debugbar/src/Middleware/InjectDebugbar.php:59
#41 /vendor/laravel/framework/src/Illuminate/Pipeline/Pipeline.php:183
#42 /vendor/laravel/framework/src/Illuminate/Routing/Middleware/SubstituteBindings.php:50
#43 /vendor/laravel/framework/src/Illuminate/Pipeline/Pipeline.php:183
#44 /vendor/laravel/framework/src/Illuminate/Foundation/Http/Middleware/VerifyCsrfToken.php:78
#45 /vendor/laravel/framework/src/Illuminate/Pipeline/Pipeline.php:183
#46 /vendor/laravel/framework/src/Illuminate/View/Middleware/ShareErrorsFromSession.php:49
#47 /vendor/laravel/framework/src/Illuminate/Pipeline/Pipeline.php:183
#48 /vendor/laravel/framework/src/Illuminate/Session/Middleware/StartSession.php:121
#49 /vendor/laravel/framework/src/Illuminate/Session/Middleware/StartSession.php:64
  
