[2026-03-17 12:06:39] local.INFO: Detected N+1 Query  
[2026-03-17 12:06:39] local.INFO: Model: App\Models\Assessment\Assessment
Relation: App\Models\Assessment\StudentAnswer
Num-Called: 2
Call-Stack:
#14 /vendor/laravel/framework/src/Illuminate/Support/Traits/ForwardsCalls.php:23
#15 /vendor/laravel/framework/src/Illuminate/Support/Traits/ForwardsCalls.php:52
#17 /app/Models/Assessment/Assessment.php:394
#18 /app/Livewire/Cbt/CbtExamInterface.php:670
#21 /vendor/laravel/framework/src/Illuminate/Support/Facades/Facade.php:355
#22 /app/Livewire/Cbt/CbtExamInterface.php:648
#23 /app/Livewire/Cbt/CbtExamInterface.php:105
#24 /vendor/laravel/framework/src/Illuminate/Container/BoundMethod.php:36
#25 /vendor/laravel/framework/src/Illuminate/Container/Util.php:41
#26 /vendor/laravel/framework/src/Illuminate/Container/BoundMethod.php:93
#27 /vendor/laravel/framework/src/Illuminate/Container/BoundMethod.php:35
#28 /vendor/livewire/livewire/src/Wrapped.php:23
#29 /vendor/livewire/livewire/src/Features/SupportLifecycleHooks/SupportLifecycleHooks.php:134
#30 /vendor/livewire/livewire/src/Features/SupportLifecycleHooks/SupportLifecycleHooks.php:20
#31 /vendor/livewire/livewire/src/ComponentHook.php:19
#32 /vendor/livewire/livewire/src/ComponentHookRegistry.php:45
#33 /vendor/livewire/livewire/src/EventBus.php:60
#34 /vendor/livewire/livewire/src/helpers.php:98
#36 /vendor/livewire/livewire/src/LivewireManager.php:73
#37 /vendor/livewire/livewire/src/Features/SupportPageComponents/HandlesPageComponents.php:17
#38 /vendor/livewire/livewire/src/Features/SupportPageComponents/SupportPageComponents.php:117
#39 /vendor/livewire/livewire/src/Features/SupportPageComponents/HandlesPageComponents.php:14
#40 /vendor/laravel/framework/src/Illuminate/Routing/ControllerDispatcher.php:46
#41 /vendor/laravel/framework/src/Illuminate/Routing/Route.php:259
#42 /vendor/laravel/framework/src/Illuminate/Routing/Route.php:205
#43 /vendor/laravel/framework/src/Illuminate/Routing/Router.php:806
#44 /vendor/laravel/framework/src/Illuminate/Pipeline/Pipeline.php:144
#45 /vendor/spatie/laravel-permission/src/Middlewares/PermissionMiddleware.php:24
#46 /vendor/laravel/framework/src/Illuminate/Pipeline/Pipeline.php:183
#47 /app/Http/Middleware/EnsureSuperAdminHasSchoolId.php:25
#48 /vendor/laravel/framework/src/Illuminate/Pipeline/Pipeline.php:183
#49 /app/Http/Middleware/RestrictTeacherPortalAccess.php:23
  
[2026-03-17 12:06:39] local.INFO: Model: App\Models\Assessment\Assessment
Relation: App\Models\Assessment\AttemptSession
Num-Called: 2
Call-Stack:
#14 /vendor/laravel/framework/src/Illuminate/Support/Traits/ForwardsCalls.php:23
#15 /vendor/laravel/framework/src/Illuminate/Support/Traits/ForwardsCalls.php:52
#17 /app/Models/Assessment/Assessment.php:402
#18 /app/Livewire/Cbt/CbtExamInterface.php:670
#21 /vendor/laravel/framework/src/Illuminate/Support/Facades/Facade.php:355
#22 /app/Livewire/Cbt/CbtExamInterface.php:648
#23 /app/Livewire/Cbt/CbtExamInterface.php:105
#24 /vendor/laravel/framework/src/Illuminate/Container/BoundMethod.php:36
#25 /vendor/laravel/framework/src/Illuminate/Container/Util.php:41
#26 /vendor/laravel/framework/src/Illuminate/Container/BoundMethod.php:93
#27 /vendor/laravel/framework/src/Illuminate/Container/BoundMethod.php:35
#28 /vendor/livewire/livewire/src/Wrapped.php:23
#29 /vendor/livewire/livewire/src/Features/SupportLifecycleHooks/SupportLifecycleHooks.php:134
#30 /vendor/livewire/livewire/src/Features/SupportLifecycleHooks/SupportLifecycleHooks.php:20
#31 /vendor/livewire/livewire/src/ComponentHook.php:19
#32 /vendor/livewire/livewire/src/ComponentHookRegistry.php:45
#33 /vendor/livewire/livewire/src/EventBus.php:60
#34 /vendor/livewire/livewire/src/helpers.php:98
#36 /vendor/livewire/livewire/src/LivewireManager.php:73
#37 /vendor/livewire/livewire/src/Features/SupportPageComponents/HandlesPageComponents.php:17
#38 /vendor/livewire/livewire/src/Features/SupportPageComponents/SupportPageComponents.php:117
#39 /vendor/livewire/livewire/src/Features/SupportPageComponents/HandlesPageComponents.php:14
#40 /vendor/laravel/framework/src/Illuminate/Routing/ControllerDispatcher.php:46
#41 /vendor/laravel/framework/src/Illuminate/Routing/Route.php:259
#42 /vendor/laravel/framework/src/Illuminate/Routing/Route.php:205
#43 /vendor/laravel/framework/src/Illuminate/Routing/Router.php:806
#44 /vendor/laravel/framework/src/Illuminate/Pipeline/Pipeline.php:144
#45 /vendor/spatie/laravel-permission/src/Middlewares/PermissionMiddleware.php:24
#46 /vendor/laravel/framework/src/Illuminate/Pipeline/Pipeline.php:183
#47 /app/Http/Middleware/EnsureSuperAdminHasSchoolId.php:25
#48 /vendor/laravel/framework/src/Illuminate/Pipeline/Pipeline.php:183
#49 /app/Http/Middleware/RestrictTeacherPortalAccess.php:23
  
[2026-03-17 12:15:53] local.INFO: Detected N+1 Query  
[2026-03-17 12:15:53] local.INFO: Model: App\Models\Assessment\StudentAnswer
Relation: question
Num-Called: 15
Call-Stack:
#19 /app/Models/Assessment/StudentAnswer.php:40
#20 /app/Livewire/Cbt/CbtExamInterface.php:404
#23 /vendor/laravel/framework/src/Illuminate/Support/Facades/Facade.php:355
#24 /app/Livewire/Cbt/CbtExamInterface.php:361
#25 /app/Livewire/Cbt/CbtExamInterface.php:577
#26 /vendor/laravel/framework/src/Illuminate/Container/BoundMethod.php:36
#27 /vendor/laravel/framework/src/Illuminate/Container/Util.php:41
#28 /vendor/laravel/framework/src/Illuminate/Container/BoundMethod.php:93
#29 /vendor/laravel/framework/src/Illuminate/Container/BoundMethod.php:35
#30 /vendor/livewire/livewire/src/Wrapped.php:23
#31 /vendor/livewire/livewire/src/Mechanisms/HandleComponents/HandleComponents.php:492
#32 /vendor/livewire/livewire/src/Mechanisms/HandleComponents/HandleComponents.php:101
#33 /vendor/livewire/livewire/src/LivewireManager.php:102
#34 /vendor/livewire/livewire/src/Mechanisms/HandleRequests/HandleRequests.php:131
#35 /vendor/laravel/framework/src/Illuminate/Routing/ControllerDispatcher.php:46
#36 /vendor/laravel/framework/src/Illuminate/Routing/Route.php:259
#37 /vendor/laravel/framework/src/Illuminate/Routing/Route.php:205
#38 /vendor/laravel/framework/src/Illuminate/Routing/Router.php:806
#39 /vendor/laravel/framework/src/Illuminate/Pipeline/Pipeline.php:144
#40 /vendor/barryvdh/laravel-debugbar/src/Middleware/InjectDebugbar.php:59
#41 /vendor/laravel/framework/src/Illuminate/Pipeline/Pipeline.php:183
#42 /vendor/laravel/framework/src/Illuminate/Routing/Middleware/SubstituteBindings.php:50
#43 /vendor/laravel/framework/src/Illuminate/Pipeline/Pipeline.php:183
#44 /vendor/laravel/framework/src/Illuminate/Foundation/Http/Middleware/VerifyCsrfToken.php:78
#45 /vendor/laravel/framework/src/Illuminate/Pipeline/Pipeline.php:183
#46 /vendor/laravel/framework/src/Illuminate/View/Middleware/ShareErrorsFromSession.php:49
#47 /vendor/laravel/framework/src/Illuminate/Pipeline/Pipeline.php:183
#48 /vendor/laravel/framework/src/Illuminate/Session/Middleware/StartSession.php:121
#49 /vendor/laravel/framework/src/Illuminate/Session/Middleware/StartSession.php:64
  
