[2025-06-25 22:54:48] local.INFO: Detected N+1 Query  
[2025-06-25 22:54:48] local.INFO: Model: App\Models\StudentRecord
Relation: user
Num-Called: 32
Call-Stack:
#19 /storage/framework/views/5eba1571ffb455e276d0bf286350d49e.php:604
#21 /vendor/livewire/livewire/src/Mechanisms/ExtendBlade/ExtendedCompilerEngine.php:38
#22 /vendor/laravel/framework/src/Illuminate/View/Engines/CompilerEngine.php:72
#23 /vendor/livewire/livewire/src/Mechanisms/ExtendBlade/ExtendedCompilerEngine.php:16
#24 /vendor/laravel/framework/src/Illuminate/View/View.php:207
#25 /vendor/laravel/framework/src/Illuminate/View/View.php:190
#26 /vendor/laravel/framework/src/Illuminate/View/View.php:159
#27 /vendor/livewire/livewire/src/Mechanisms/HandleComponents/HandleComponents.php:241
#28 /vendor/livewire/livewire/src/Mechanisms/HandleComponents/HandleComponents.php:285
#29 /vendor/livewire/livewire/src/Mechanisms/HandleComponents/HandleComponents.php:233
#30 /vendor/livewire/livewire/src/Mechanisms/HandleComponents/HandleComponents.php:104
#31 /vendor/livewire/livewire/src/LivewireManager.php:102
#32 /vendor/livewire/livewire/src/Mechanisms/HandleRequests/HandleRequests.php:94
#33 /vendor/laravel/framework/src/Illuminate/Routing/ControllerDispatcher.php:46
#34 /vendor/laravel/framework/src/Illuminate/Routing/Route.php:259
#35 /vendor/laravel/framework/src/Illuminate/Routing/Route.php:205
#36 /vendor/laravel/framework/src/Illuminate/Routing/Router.php:806
#37 /vendor/laravel/framework/src/Illuminate/Pipeline/Pipeline.php:144
#38 /vendor/barryvdh/laravel-debugbar/src/Middleware/InjectDebugbar.php:66
#39 /vendor/laravel/framework/src/Illuminate/Pipeline/Pipeline.php:183
#40 /vendor/laravel/framework/src/Illuminate/Routing/Middleware/SubstituteBindings.php:50
#41 /vendor/laravel/framework/src/Illuminate/Pipeline/Pipeline.php:183
#42 /vendor/laravel/framework/src/Illuminate/Foundation/Http/Middleware/VerifyCsrfToken.php:78
#43 /vendor/laravel/framework/src/Illuminate/Pipeline/Pipeline.php:183
#44 /vendor/laravel/framework/src/Illuminate/Session/Middleware/AuthenticateSession.php:60
#45 /vendor/laravel/framework/src/Illuminate/Pipeline/Pipeline.php:183
#46 /vendor/laravel/framework/src/Illuminate/View/Middleware/ShareErrorsFromSession.php:49
#47 /vendor/laravel/framework/src/Illuminate/Pipeline/Pipeline.php:183
#48 /vendor/laravel/framework/src/Illuminate/Session/Middleware/StartSession.php:121
#49 /vendor/laravel/framework/src/Illuminate/Session/Middleware/StartSession.php:64
  
[2025-06-25 22:54:52] local.INFO: Detected N+1 Query  
[2025-06-25 22:54:52] local.INFO: Model: App\Models\StudentRecord
Relation: user
Num-Called: 32
Call-Stack:
#19 /storage/framework/views/5eba1571ffb455e276d0bf286350d49e.php:604
#21 /vendor/livewire/livewire/src/Mechanisms/ExtendBlade/ExtendedCompilerEngine.php:38
#22 /vendor/laravel/framework/src/Illuminate/View/Engines/CompilerEngine.php:72
#23 /vendor/livewire/livewire/src/Mechanisms/ExtendBlade/ExtendedCompilerEngine.php:16
#24 /vendor/laravel/framework/src/Illuminate/View/View.php:207
#25 /vendor/laravel/framework/src/Illuminate/View/View.php:190
#26 /vendor/laravel/framework/src/Illuminate/View/View.php:159
#27 /vendor/livewire/livewire/src/Mechanisms/HandleComponents/HandleComponents.php:241
#28 /vendor/livewire/livewire/src/Mechanisms/HandleComponents/HandleComponents.php:285
#29 /vendor/livewire/livewire/src/Mechanisms/HandleComponents/HandleComponents.php:233
#30 /vendor/livewire/livewire/src/Mechanisms/HandleComponents/HandleComponents.php:104
#31 /vendor/livewire/livewire/src/LivewireManager.php:102
#32 /vendor/livewire/livewire/src/Mechanisms/HandleRequests/HandleRequests.php:94
#33 /vendor/laravel/framework/src/Illuminate/Routing/ControllerDispatcher.php:46
#34 /vendor/laravel/framework/src/Illuminate/Routing/Route.php:259
#35 /vendor/laravel/framework/src/Illuminate/Routing/Route.php:205
#36 /vendor/laravel/framework/src/Illuminate/Routing/Router.php:806
#37 /vendor/laravel/framework/src/Illuminate/Pipeline/Pipeline.php:144
#38 /vendor/barryvdh/laravel-debugbar/src/Middleware/InjectDebugbar.php:66
#39 /vendor/laravel/framework/src/Illuminate/Pipeline/Pipeline.php:183
#40 /vendor/laravel/framework/src/Illuminate/Routing/Middleware/SubstituteBindings.php:50
#41 /vendor/laravel/framework/src/Illuminate/Pipeline/Pipeline.php:183
#42 /vendor/laravel/framework/src/Illuminate/Foundation/Http/Middleware/VerifyCsrfToken.php:78
#43 /vendor/laravel/framework/src/Illuminate/Pipeline/Pipeline.php:183
#44 /vendor/laravel/framework/src/Illuminate/Session/Middleware/AuthenticateSession.php:60
#45 /vendor/laravel/framework/src/Illuminate/Pipeline/Pipeline.php:183
#46 /vendor/laravel/framework/src/Illuminate/View/Middleware/ShareErrorsFromSession.php:49
#47 /vendor/laravel/framework/src/Illuminate/Pipeline/Pipeline.php:183
#48 /vendor/laravel/framework/src/Illuminate/Session/Middleware/StartSession.php:121
#49 /vendor/laravel/framework/src/Illuminate/Session/Middleware/StartSession.php:64
  
[2025-06-25 22:55:06] local.INFO: Detected N+1 Query  
[2025-06-25 22:55:06] local.INFO: Model: App\Models\StudentRecord
Relation: myClass
Num-Called: 10
Call-Stack:
#20 /storage/framework/views/5eba1571ffb455e276d0bf286350d49e.php:380
#22 /vendor/livewire/livewire/src/Mechanisms/ExtendBlade/ExtendedCompilerEngine.php:38
#23 /vendor/laravel/framework/src/Illuminate/View/Engines/CompilerEngine.php:72
#24 /vendor/livewire/livewire/src/Mechanisms/ExtendBlade/ExtendedCompilerEngine.php:16
#25 /vendor/laravel/framework/src/Illuminate/View/View.php:207
#26 /vendor/laravel/framework/src/Illuminate/View/View.php:190
#27 /vendor/laravel/framework/src/Illuminate/View/View.php:159
#28 /vendor/livewire/livewire/src/Mechanisms/HandleComponents/HandleComponents.php:241
#29 /vendor/livewire/livewire/src/Mechanisms/HandleComponents/HandleComponents.php:285
#30 /vendor/livewire/livewire/src/Mechanisms/HandleComponents/HandleComponents.php:233
#31 /vendor/livewire/livewire/src/Mechanisms/HandleComponents/HandleComponents.php:104
#32 /vendor/livewire/livewire/src/LivewireManager.php:102
#33 /vendor/livewire/livewire/src/Mechanisms/HandleRequests/HandleRequests.php:94
#34 /vendor/laravel/framework/src/Illuminate/Routing/ControllerDispatcher.php:46
#35 /vendor/laravel/framework/src/Illuminate/Routing/Route.php:259
#36 /vendor/laravel/framework/src/Illuminate/Routing/Route.php:205
#37 /vendor/laravel/framework/src/Illuminate/Routing/Router.php:806
#38 /vendor/laravel/framework/src/Illuminate/Pipeline/Pipeline.php:144
#39 /vendor/barryvdh/laravel-debugbar/src/Middleware/InjectDebugbar.php:66
#40 /vendor/laravel/framework/src/Illuminate/Pipeline/Pipeline.php:183
#41 /vendor/laravel/framework/src/Illuminate/Routing/Middleware/SubstituteBindings.php:50
#42 /vendor/laravel/framework/src/Illuminate/Pipeline/Pipeline.php:183
#43 /vendor/laravel/framework/src/Illuminate/Foundation/Http/Middleware/VerifyCsrfToken.php:78
#44 /vendor/laravel/framework/src/Illuminate/Pipeline/Pipeline.php:183
#45 /vendor/laravel/framework/src/Illuminate/Session/Middleware/AuthenticateSession.php:60
#46 /vendor/laravel/framework/src/Illuminate/Pipeline/Pipeline.php:183
#47 /vendor/laravel/framework/src/Illuminate/View/Middleware/ShareErrorsFromSession.php:49
#48 /vendor/laravel/framework/src/Illuminate/Pipeline/Pipeline.php:183
#49 /vendor/laravel/framework/src/Illuminate/Session/Middleware/StartSession.php:121
  
[2025-06-25 22:55:06] local.INFO: Model: App\Models\StudentRecord
Relation: user
Num-Called: 32
Call-Stack:
#19 /storage/framework/views/5eba1571ffb455e276d0bf286350d49e.php:604
#21 /vendor/livewire/livewire/src/Mechanisms/ExtendBlade/ExtendedCompilerEngine.php:38
#22 /vendor/laravel/framework/src/Illuminate/View/Engines/CompilerEngine.php:72
#23 /vendor/livewire/livewire/src/Mechanisms/ExtendBlade/ExtendedCompilerEngine.php:16
#24 /vendor/laravel/framework/src/Illuminate/View/View.php:207
#25 /vendor/laravel/framework/src/Illuminate/View/View.php:190
#26 /vendor/laravel/framework/src/Illuminate/View/View.php:159
#27 /vendor/livewire/livewire/src/Mechanisms/HandleComponents/HandleComponents.php:241
#28 /vendor/livewire/livewire/src/Mechanisms/HandleComponents/HandleComponents.php:285
#29 /vendor/livewire/livewire/src/Mechanisms/HandleComponents/HandleComponents.php:233
#30 /vendor/livewire/livewire/src/Mechanisms/HandleComponents/HandleComponents.php:104
#31 /vendor/livewire/livewire/src/LivewireManager.php:102
#32 /vendor/livewire/livewire/src/Mechanisms/HandleRequests/HandleRequests.php:94
#33 /vendor/laravel/framework/src/Illuminate/Routing/ControllerDispatcher.php:46
#34 /vendor/laravel/framework/src/Illuminate/Routing/Route.php:259
#35 /vendor/laravel/framework/src/Illuminate/Routing/Route.php:205
#36 /vendor/laravel/framework/src/Illuminate/Routing/Router.php:806
#37 /vendor/laravel/framework/src/Illuminate/Pipeline/Pipeline.php:144
#38 /vendor/barryvdh/laravel-debugbar/src/Middleware/InjectDebugbar.php:66
#39 /vendor/laravel/framework/src/Illuminate/Pipeline/Pipeline.php:183
#40 /vendor/laravel/framework/src/Illuminate/Routing/Middleware/SubstituteBindings.php:50
#41 /vendor/laravel/framework/src/Illuminate/Pipeline/Pipeline.php:183
#42 /vendor/laravel/framework/src/Illuminate/Foundation/Http/Middleware/VerifyCsrfToken.php:78
#43 /vendor/laravel/framework/src/Illuminate/Pipeline/Pipeline.php:183
#44 /vendor/laravel/framework/src/Illuminate/Session/Middleware/AuthenticateSession.php:60
#45 /vendor/laravel/framework/src/Illuminate/Pipeline/Pipeline.php:183
#46 /vendor/laravel/framework/src/Illuminate/View/Middleware/ShareErrorsFromSession.php:49
#47 /vendor/laravel/framework/src/Illuminate/Pipeline/Pipeline.php:183
#48 /vendor/laravel/framework/src/Illuminate/Session/Middleware/StartSession.php:121
#49 /vendor/laravel/framework/src/Illuminate/Session/Middleware/StartSession.php:64
  
[2025-06-25 23:00:43] local.INFO: Detected N+1 Query  
[2025-06-25 23:00:43] local.INFO: Model: App\Models\StudentRecord
Relation: myClass
Num-Called: 10
Call-Stack:
#20 /storage/framework/views/5eba1571ffb455e276d0bf286350d49e.php:380
#22 /vendor/livewire/livewire/src/Mechanisms/ExtendBlade/ExtendedCompilerEngine.php:38
#23 /vendor/laravel/framework/src/Illuminate/View/Engines/CompilerEngine.php:72
#24 /vendor/livewire/livewire/src/Mechanisms/ExtendBlade/ExtendedCompilerEngine.php:16
#25 /vendor/laravel/framework/src/Illuminate/View/View.php:207
#26 /vendor/laravel/framework/src/Illuminate/View/View.php:190
#27 /vendor/laravel/framework/src/Illuminate/View/View.php:159
#28 /vendor/livewire/livewire/src/Mechanisms/HandleComponents/HandleComponents.php:241
#29 /vendor/livewire/livewire/src/Mechanisms/HandleComponents/HandleComponents.php:285
#30 /vendor/livewire/livewire/src/Mechanisms/HandleComponents/HandleComponents.php:233
#31 /vendor/livewire/livewire/src/Mechanisms/HandleComponents/HandleComponents.php:104
#32 /vendor/livewire/livewire/src/LivewireManager.php:102
#33 /vendor/livewire/livewire/src/Mechanisms/HandleRequests/HandleRequests.php:94
#34 /vendor/laravel/framework/src/Illuminate/Routing/ControllerDispatcher.php:46
#35 /vendor/laravel/framework/src/Illuminate/Routing/Route.php:259
#36 /vendor/laravel/framework/src/Illuminate/Routing/Route.php:205
#37 /vendor/laravel/framework/src/Illuminate/Routing/Router.php:806
#38 /vendor/laravel/framework/src/Illuminate/Pipeline/Pipeline.php:144
#39 /vendor/barryvdh/laravel-debugbar/src/Middleware/InjectDebugbar.php:66
#40 /vendor/laravel/framework/src/Illuminate/Pipeline/Pipeline.php:183
#41 /vendor/laravel/framework/src/Illuminate/Routing/Middleware/SubstituteBindings.php:50
#42 /vendor/laravel/framework/src/Illuminate/Pipeline/Pipeline.php:183
#43 /vendor/laravel/framework/src/Illuminate/Foundation/Http/Middleware/VerifyCsrfToken.php:78
#44 /vendor/laravel/framework/src/Illuminate/Pipeline/Pipeline.php:183
#45 /vendor/laravel/framework/src/Illuminate/Session/Middleware/AuthenticateSession.php:60
#46 /vendor/laravel/framework/src/Illuminate/Pipeline/Pipeline.php:183
#47 /vendor/laravel/framework/src/Illuminate/View/Middleware/ShareErrorsFromSession.php:49
#48 /vendor/laravel/framework/src/Illuminate/Pipeline/Pipeline.php:183
#49 /vendor/laravel/framework/src/Illuminate/Session/Middleware/StartSession.php:121
  
[2025-06-25 23:00:43] local.INFO: Model: App\Models\StudentRecord
Relation: user
Num-Called: 32
Call-Stack:
#19 /storage/framework/views/5eba1571ffb455e276d0bf286350d49e.php:604
#21 /vendor/livewire/livewire/src/Mechanisms/ExtendBlade/ExtendedCompilerEngine.php:38
#22 /vendor/laravel/framework/src/Illuminate/View/Engines/CompilerEngine.php:72
#23 /vendor/livewire/livewire/src/Mechanisms/ExtendBlade/ExtendedCompilerEngine.php:16
#24 /vendor/laravel/framework/src/Illuminate/View/View.php:207
#25 /vendor/laravel/framework/src/Illuminate/View/View.php:190
#26 /vendor/laravel/framework/src/Illuminate/View/View.php:159
#27 /vendor/livewire/livewire/src/Mechanisms/HandleComponents/HandleComponents.php:241
#28 /vendor/livewire/livewire/src/Mechanisms/HandleComponents/HandleComponents.php:285
#29 /vendor/livewire/livewire/src/Mechanisms/HandleComponents/HandleComponents.php:233
#30 /vendor/livewire/livewire/src/Mechanisms/HandleComponents/HandleComponents.php:104
#31 /vendor/livewire/livewire/src/LivewireManager.php:102
#32 /vendor/livewire/livewire/src/Mechanisms/HandleRequests/HandleRequests.php:94
#33 /vendor/laravel/framework/src/Illuminate/Routing/ControllerDispatcher.php:46
#34 /vendor/laravel/framework/src/Illuminate/Routing/Route.php:259
#35 /vendor/laravel/framework/src/Illuminate/Routing/Route.php:205
#36 /vendor/laravel/framework/src/Illuminate/Routing/Router.php:806
#37 /vendor/laravel/framework/src/Illuminate/Pipeline/Pipeline.php:144
#38 /vendor/barryvdh/laravel-debugbar/src/Middleware/InjectDebugbar.php:66
#39 /vendor/laravel/framework/src/Illuminate/Pipeline/Pipeline.php:183
#40 /vendor/laravel/framework/src/Illuminate/Routing/Middleware/SubstituteBindings.php:50
#41 /vendor/laravel/framework/src/Illuminate/Pipeline/Pipeline.php:183
#42 /vendor/laravel/framework/src/Illuminate/Foundation/Http/Middleware/VerifyCsrfToken.php:78
#43 /vendor/laravel/framework/src/Illuminate/Pipeline/Pipeline.php:183
#44 /vendor/laravel/framework/src/Illuminate/Session/Middleware/AuthenticateSession.php:60
#45 /vendor/laravel/framework/src/Illuminate/Pipeline/Pipeline.php:183
#46 /vendor/laravel/framework/src/Illuminate/View/Middleware/ShareErrorsFromSession.php:49
#47 /vendor/laravel/framework/src/Illuminate/Pipeline/Pipeline.php:183
#48 /vendor/laravel/framework/src/Illuminate/Session/Middleware/StartSession.php:121
#49 /vendor/laravel/framework/src/Illuminate/Session/Middleware/StartSession.php:64
  
[2025-06-25 23:08:23] local.INFO: Detected N+1 Query  
[2025-06-25 23:08:23] local.INFO: Model: App\Models\StudentRecord
Relation: myClass
Num-Called: 10
Call-Stack:
#20 /storage/framework/views/5eba1571ffb455e276d0bf286350d49e.php:380
#22 /vendor/livewire/livewire/src/Mechanisms/ExtendBlade/ExtendedCompilerEngine.php:38
#23 /vendor/laravel/framework/src/Illuminate/View/Engines/CompilerEngine.php:72
#24 /vendor/livewire/livewire/src/Mechanisms/ExtendBlade/ExtendedCompilerEngine.php:16
#25 /vendor/laravel/framework/src/Illuminate/View/View.php:207
#26 /vendor/laravel/framework/src/Illuminate/View/View.php:190
#27 /vendor/laravel/framework/src/Illuminate/View/View.php:159
#28 /vendor/livewire/livewire/src/Mechanisms/HandleComponents/HandleComponents.php:241
#29 /vendor/livewire/livewire/src/Mechanisms/HandleComponents/HandleComponents.php:285
#30 /vendor/livewire/livewire/src/Mechanisms/HandleComponents/HandleComponents.php:233
#31 /vendor/livewire/livewire/src/Mechanisms/HandleComponents/HandleComponents.php:104
#32 /vendor/livewire/livewire/src/LivewireManager.php:102
#33 /vendor/livewire/livewire/src/Mechanisms/HandleRequests/HandleRequests.php:94
#34 /vendor/laravel/framework/src/Illuminate/Routing/ControllerDispatcher.php:46
#35 /vendor/laravel/framework/src/Illuminate/Routing/Route.php:259
#36 /vendor/laravel/framework/src/Illuminate/Routing/Route.php:205
#37 /vendor/laravel/framework/src/Illuminate/Routing/Router.php:806
#38 /vendor/laravel/framework/src/Illuminate/Pipeline/Pipeline.php:144
#39 /vendor/barryvdh/laravel-debugbar/src/Middleware/InjectDebugbar.php:66
#40 /vendor/laravel/framework/src/Illuminate/Pipeline/Pipeline.php:183
#41 /vendor/laravel/framework/src/Illuminate/Routing/Middleware/SubstituteBindings.php:50
#42 /vendor/laravel/framework/src/Illuminate/Pipeline/Pipeline.php:183
#43 /vendor/laravel/framework/src/Illuminate/Foundation/Http/Middleware/VerifyCsrfToken.php:78
#44 /vendor/laravel/framework/src/Illuminate/Pipeline/Pipeline.php:183
#45 /vendor/laravel/framework/src/Illuminate/Session/Middleware/AuthenticateSession.php:60
#46 /vendor/laravel/framework/src/Illuminate/Pipeline/Pipeline.php:183
#47 /vendor/laravel/framework/src/Illuminate/View/Middleware/ShareErrorsFromSession.php:49
#48 /vendor/laravel/framework/src/Illuminate/Pipeline/Pipeline.php:183
#49 /vendor/laravel/framework/src/Illuminate/Session/Middleware/StartSession.php:121
  
