
[2026-03-10 10:09:21] local.INFO: Detected N+1 Query  
[2026-03-10 10:09:21] local.INFO: Model: App\Models\MyClass
Relation: classGroup
Num-Called: 11
Call-Stack:
#19 /storage/framework/views/d8fcb7e078690704fbdfd2fff79268cd.php:67
#21 /vendor/livewire/livewire/src/Mechanisms/ExtendBlade/ExtendedCompilerEngine.php:38
#22 /vendor/laravel/framework/src/Illuminate/View/Engines/CompilerEngine.php:72
#23 /vendor/livewire/livewire/src/Mechanisms/ExtendBlade/ExtendedCompilerEngine.php:16
#24 /vendor/laravel/framework/src/Illuminate/View/View.php:207
#25 /vendor/laravel/framework/src/Illuminate/View/View.php:190
#26 /vendor/laravel/framework/src/Illuminate/View/View.php:159
#27 /storage/framework/views/e8163e5a8aec269835e3e346c13e1a96.php:7
#29 /vendor/livewire/livewire/src/Mechanisms/ExtendBlade/ExtendedCompilerEngine.php:38
#30 /vendor/laravel/framework/src/Illuminate/View/Engines/CompilerEngine.php:72
#31 /vendor/livewire/livewire/src/Mechanisms/ExtendBlade/ExtendedCompilerEngine.php:16
#32 /vendor/laravel/framework/src/Illuminate/View/View.php:207
#33 /vendor/laravel/framework/src/Illuminate/View/View.php:190
#34 /vendor/laravel/framework/src/Illuminate/View/View.php:159
#35 /vendor/livewire/livewire/src/Mechanisms/HandleComponents/HandleComponents.php:259
#36 /vendor/livewire/livewire/src/Mechanisms/HandleComponents/HandleComponents.php:303
#37 /vendor/livewire/livewire/src/Mechanisms/HandleComponents/HandleComponents.php:251
#38 /vendor/livewire/livewire/src/Mechanisms/HandleComponents/HandleComponents.php:104
#39 /vendor/livewire/livewire/src/LivewireManager.php:102
#40 /vendor/livewire/livewire/src/Mechanisms/HandleRequests/HandleRequests.php:131
#41 /vendor/laravel/framework/src/Illuminate/Routing/ControllerDispatcher.php:46
#42 /vendor/laravel/framework/src/Illuminate/Routing/Route.php:259
#43 /vendor/laravel/framework/src/Illuminate/Routing/Route.php:205
#44 /vendor/laravel/framework/src/Illuminate/Routing/Router.php:806
#45 /vendor/laravel/framework/src/Illuminate/Pipeline/Pipeline.php:144
#46 /vendor/barryvdh/laravel-debugbar/src/Middleware/InjectDebugbar.php:59
#47 /vendor/laravel/framework/src/Illuminate/Pipeline/Pipeline.php:183
#48 /vendor/laravel/framework/src/Illuminate/Routing/Middleware/SubstituteBindings.php:50
#49 /vendor/laravel/framework/src/Illuminate/Pipeline/Pipeline.php:183
  
[2026-03-10 10:09:22] local.INFO: Detected N+1 Query  
[2026-03-10 10:09:22] local.INFO: Model: App\Models\MyClass
Relation: classGroup
Num-Called: 11
Call-Stack:
#19 /storage/framework/views/d8fcb7e078690704fbdfd2fff79268cd.php:67
#21 /vendor/livewire/livewire/src/Mechanisms/ExtendBlade/ExtendedCompilerEngine.php:38
#22 /vendor/laravel/framework/src/Illuminate/View/Engines/CompilerEngine.php:72
#23 /vendor/livewire/livewire/src/Mechanisms/ExtendBlade/ExtendedCompilerEngine.php:16
#24 /vendor/laravel/framework/src/Illuminate/View/View.php:207
#25 /vendor/laravel/framework/src/Illuminate/View/View.php:190
#26 /vendor/laravel/framework/src/Illuminate/View/View.php:159
#27 /storage/framework/views/e8163e5a8aec269835e3e346c13e1a96.php:7
#29 /vendor/livewire/livewire/src/Mechanisms/ExtendBlade/ExtendedCompilerEngine.php:38
#30 /vendor/laravel/framework/src/Illuminate/View/Engines/CompilerEngine.php:72
#31 /vendor/livewire/livewire/src/Mechanisms/ExtendBlade/ExtendedCompilerEngine.php:16
#32 /vendor/laravel/framework/src/Illuminate/View/View.php:207
#33 /vendor/laravel/framework/src/Illuminate/View/View.php:190
#34 /vendor/laravel/framework/src/Illuminate/View/View.php:159
#35 /vendor/livewire/livewire/src/Mechanisms/HandleComponents/HandleComponents.php:259
#36 /vendor/livewire/livewire/src/Mechanisms/HandleComponents/HandleComponents.php:303
#37 /vendor/livewire/livewire/src/Mechanisms/HandleComponents/HandleComponents.php:251
#38 /vendor/livewire/livewire/src/Mechanisms/HandleComponents/HandleComponents.php:104
#39 /vendor/livewire/livewire/src/LivewireManager.php:102
#40 /vendor/livewire/livewire/src/Mechanisms/HandleRequests/HandleRequests.php:131
#41 /vendor/laravel/framework/src/Illuminate/Routing/ControllerDispatcher.php:46
#42 /vendor/laravel/framework/src/Illuminate/Routing/Route.php:259
#43 /vendor/laravel/framework/src/Illuminate/Routing/Route.php:205
#44 /vendor/laravel/framework/src/Illuminate/Routing/Router.php:806
#45 /vendor/laravel/framework/src/Illuminate/Pipeline/Pipeline.php:144
#46 /vendor/barryvdh/laravel-debugbar/src/Middleware/InjectDebugbar.php:59
#47 /vendor/laravel/framework/src/Illuminate/Pipeline/Pipeline.php:183
#48 /vendor/laravel/framework/src/Illuminate/Routing/Middleware/SubstituteBindings.php:50
#49 /vendor/laravel/framework/src/Illuminate/Pipeline/Pipeline.php:183
  
[2026-03-10 10:09:23] local.INFO: Detected N+1 Query  
[2026-03-10 10:09:23] local.INFO: Model: App\Models\MyClass
Relation: classGroup
Num-Called: 11
Call-Stack:
#19 /storage/framework/views/d8fcb7e078690704fbdfd2fff79268cd.php:67
#21 /vendor/livewire/livewire/src/Mechanisms/ExtendBlade/ExtendedCompilerEngine.php:38
#22 /vendor/laravel/framework/src/Illuminate/View/Engines/CompilerEngine.php:72
#23 /vendor/livewire/livewire/src/Mechanisms/ExtendBlade/ExtendedCompilerEngine.php:16
#24 /vendor/laravel/framework/src/Illuminate/View/View.php:207
#25 /vendor/laravel/framework/src/Illuminate/View/View.php:190
#26 /vendor/laravel/framework/src/Illuminate/View/View.php:159
#27 /storage/framework/views/e8163e5a8aec269835e3e346c13e1a96.php:7
#29 /vendor/livewire/livewire/src/Mechanisms/ExtendBlade/ExtendedCompilerEngine.php:38
#30 /vendor/laravel/framework/src/Illuminate/View/Engines/CompilerEngine.php:72
#31 /vendor/livewire/livewire/src/Mechanisms/ExtendBlade/ExtendedCompilerEngine.php:16
#32 /vendor/laravel/framework/src/Illuminate/View/View.php:207
#33 /vendor/laravel/framework/src/Illuminate/View/View.php:190
#34 /vendor/laravel/framework/src/Illuminate/View/View.php:159
#35 /vendor/livewire/livewire/src/Mechanisms/HandleComponents/HandleComponents.php:259
#36 /vendor/livewire/livewire/src/Mechanisms/HandleComponents/HandleComponents.php:303
#37 /vendor/livewire/livewire/src/Mechanisms/HandleComponents/HandleComponents.php:251
#38 /vendor/livewire/livewire/src/Mechanisms/HandleComponents/HandleComponents.php:104
#39 /vendor/livewire/livewire/src/LivewireManager.php:102
#40 /vendor/livewire/livewire/src/Mechanisms/HandleRequests/HandleRequests.php:131
#41 /vendor/laravel/framework/src/Illuminate/Routing/ControllerDispatcher.php:46
#42 /vendor/laravel/framework/src/Illuminate/Routing/Route.php:259
#43 /vendor/laravel/framework/src/Illuminate/Routing/Route.php:205
#44 /vendor/laravel/framework/src/Illuminate/Routing/Router.php:806
#45 /vendor/laravel/framework/src/Illuminate/Pipeline/Pipeline.php:144
#46 /vendor/barryvdh/laravel-debugbar/src/Middleware/InjectDebugbar.php:59
#47 /vendor/laravel/framework/src/Illuminate/Pipeline/Pipeline.php:183
#48 /vendor/laravel/framework/src/Illuminate/Routing/Middleware/SubstituteBindings.php:50
#49 /vendor/laravel/framework/src/Illuminate/Pipeline/Pipeline.php:183
  
[2026-03-10 10:09:24] local.INFO: Detected N+1 Query  
[2026-03-10 10:09:24] local.INFO: Model: App\Models\MyClass
Relation: classGroup
Num-Called: 11
Call-Stack:
#19 /storage/framework/views/d8fcb7e078690704fbdfd2fff79268cd.php:67
#21 /vendor/livewire/livewire/src/Mechanisms/ExtendBlade/ExtendedCompilerEngine.php:38
#22 /vendor/laravel/framework/src/Illuminate/View/Engines/CompilerEngine.php:72
#23 /vendor/livewire/livewire/src/Mechanisms/ExtendBlade/ExtendedCompilerEngine.php:16
#24 /vendor/laravel/framework/src/Illuminate/View/View.php:207
#25 /vendor/laravel/framework/src/Illuminate/View/View.php:190
#26 /vendor/laravel/framework/src/Illuminate/View/View.php:159
#27 /storage/framework/views/e8163e5a8aec269835e3e346c13e1a96.php:7
#29 /vendor/livewire/livewire/src/Mechanisms/ExtendBlade/ExtendedCompilerEngine.php:38
#30 /vendor/laravel/framework/src/Illuminate/View/Engines/CompilerEngine.php:72
#31 /vendor/livewire/livewire/src/Mechanisms/ExtendBlade/ExtendedCompilerEngine.php:16
#32 /vendor/laravel/framework/src/Illuminate/View/View.php:207
#33 /vendor/laravel/framework/src/Illuminate/View/View.php:190
#34 /vendor/laravel/framework/src/Illuminate/View/View.php:159
#35 /vendor/livewire/livewire/src/Mechanisms/HandleComponents/HandleComponents.php:259
#36 /vendor/livewire/livewire/src/Mechanisms/HandleComponents/HandleComponents.php:303
#37 /vendor/livewire/livewire/src/Mechanisms/HandleComponents/HandleComponents.php:251
#38 /vendor/livewire/livewire/src/Mechanisms/HandleComponents/HandleComponents.php:104
#39 /vendor/livewire/livewire/src/LivewireManager.php:102
#40 /vendor/livewire/livewire/src/Mechanisms/HandleRequests/HandleRequests.php:131
#41 /vendor/laravel/framework/src/Illuminate/Routing/ControllerDispatcher.php:46
#42 /vendor/laravel/framework/src/Illuminate/Routing/Route.php:259
#43 /vendor/laravel/framework/src/Illuminate/Routing/Route.php:205
#44 /vendor/laravel/framework/src/Illuminate/Routing/Router.php:806
#45 /vendor/laravel/framework/src/Illuminate/Pipeline/Pipeline.php:144
#46 /vendor/barryvdh/laravel-debugbar/src/Middleware/InjectDebugbar.php:59
#47 /vendor/laravel/framework/src/Illuminate/Pipeline/Pipeline.php:183
#48 /vendor/laravel/framework/src/Illuminate/Routing/Middleware/SubstituteBindings.php:50
#49 /vendor/laravel/framework/src/Illuminate/Pipeline/Pipeline.php:183
  
[2026-03-10 10:09:24] local.INFO: Detected N+1 Query  
[2026-03-10 10:09:24] local.INFO: Model: App\Models\MyClass
Relation: classGroup
Num-Called: 11
Call-Stack:
#19 /storage/framework/views/d8fcb7e078690704fbdfd2fff79268cd.php:67
#21 /vendor/livewire/livewire/src/Mechanisms/ExtendBlade/ExtendedCompilerEngine.php:38
#22 /vendor/laravel/framework/src/Illuminate/View/Engines/CompilerEngine.php:72
#23 /vendor/livewire/livewire/src/Mechanisms/ExtendBlade/ExtendedCompilerEngine.php:16
#24 /vendor/laravel/framework/src/Illuminate/View/View.php:207
#25 /vendor/laravel/framework/src/Illuminate/View/View.php:190
#26 /vendor/laravel/framework/src/Illuminate/View/View.php:159
#27 /storage/framework/views/e8163e5a8aec269835e3e346c13e1a96.php:7
#29 /vendor/livewire/livewire/src/Mechanisms/ExtendBlade/ExtendedCompilerEngine.php:38
#30 /vendor/laravel/framework/src/Illuminate/View/Engines/CompilerEngine.php:72
#31 /vendor/livewire/livewire/src/Mechanisms/ExtendBlade/ExtendedCompilerEngine.php:16
#32 /vendor/laravel/framework/src/Illuminate/View/View.php:207
#33 /vendor/laravel/framework/src/Illuminate/View/View.php:190
#34 /vendor/laravel/framework/src/Illuminate/View/View.php:159
#35 /vendor/livewire/livewire/src/Mechanisms/HandleComponents/HandleComponents.php:259
#36 /vendor/livewire/livewire/src/Mechanisms/HandleComponents/HandleComponents.php:303
#37 /vendor/livewire/livewire/src/Mechanisms/HandleComponents/HandleComponents.php:251
#38 /vendor/livewire/livewire/src/Mechanisms/HandleComponents/HandleComponents.php:104
#39 /vendor/livewire/livewire/src/LivewireManager.php:102
#40 /vendor/livewire/livewire/src/Mechanisms/HandleRequests/HandleRequests.php:131
#41 /vendor/laravel/framework/src/Illuminate/Routing/ControllerDispatcher.php:46
#42 /vendor/laravel/framework/src/Illuminate/Routing/Route.php:259
#43 /vendor/laravel/framework/src/Illuminate/Routing/Route.php:205
#44 /vendor/laravel/framework/src/Illuminate/Routing/Router.php:806
#45 /vendor/laravel/framework/src/Illuminate/Pipeline/Pipeline.php:144
#46 /vendor/barryvdh/laravel-debugbar/src/Middleware/InjectDebugbar.php:59
#47 /vendor/laravel/framework/src/Illuminate/Pipeline/Pipeline.php:183
#48 /vendor/laravel/framework/src/Illuminate/Routing/Middleware/SubstituteBindings.php:50
#49 /vendor/laravel/framework/src/Illuminate/Pipeline/Pipeline.php:183
  
[2026-03-10 10:10:36] local.INFO: Detected N+1 Query  
[2026-03-10 10:10:36] local.INFO: Model: App\Models\Assessment\StudentAnswer
Relation: question
Num-Called: 2
Call-Stack:
#19 /app/Models/Assessment/StudentAnswer.php:40
#20 /app/Livewire/Cbt/CbtExamInterface.php:324
#23 /vendor/laravel/framework/src/Illuminate/Support/Facades/Facade.php:355
#24 /app/Livewire/Cbt/CbtExamInterface.php:281
#25 /vendor/laravel/framework/src/Illuminate/Container/BoundMethod.php:36
#26 /vendor/laravel/framework/src/Illuminate/Container/Util.php:41
#27 /vendor/laravel/framework/src/Illuminate/Container/BoundMethod.php:93
#28 /vendor/laravel/framework/src/Illuminate/Container/BoundMethod.php:35
#29 /vendor/livewire/livewire/src/Wrapped.php:23
#30 /vendor/livewire/livewire/src/Mechanisms/HandleComponents/HandleComponents.php:492
#31 /vendor/livewire/livewire/src/Mechanisms/HandleComponents/HandleComponents.php:101
#32 /vendor/livewire/livewire/src/LivewireManager.php:102
#33 /vendor/livewire/livewire/src/Mechanisms/HandleRequests/HandleRequests.php:131
#34 /vendor/laravel/framework/src/Illuminate/Routing/ControllerDispatcher.php:46
#35 /vendor/laravel/framework/src/Illuminate/Routing/Route.php:259
#36 /vendor/laravel/framework/src/Illuminate/Routing/Route.php:205
#37 /vendor/laravel/framework/src/Illuminate/Routing/Router.php:806
#38 /vendor/laravel/framework/src/Illuminate/Pipeline/Pipeline.php:144
#39 /vendor/barryvdh/laravel-debugbar/src/Middleware/InjectDebugbar.php:59
#40 /vendor/laravel/framework/src/Illuminate/Pipeline/Pipeline.php:183
#41 /vendor/laravel/framework/src/Illuminate/Routing/Middleware/SubstituteBindings.php:50
#42 /vendor/laravel/framework/src/Illuminate/Pipeline/Pipeline.php:183
#43 /vendor/laravel/framework/src/Illuminate/Foundation/Http/Middleware/VerifyCsrfToken.php:78
#44 /vendor/laravel/framework/src/Illuminate/Pipeline/Pipeline.php:183
#45 /vendor/laravel/framework/src/Illuminate/View/Middleware/ShareErrorsFromSession.php:49
#46 /vendor/laravel/framework/src/Illuminate/Pipeline/Pipeline.php:183
#47 /vendor/laravel/framework/src/Illuminate/Session/Middleware/StartSession.php:121
#48 /vendor/laravel/framework/src/Illuminate/Session/Middleware/StartSession.php:64
#49 /vendor/laravel/framework/src/Illuminate/Pipeline/Pipeline.php:183
  
