[2025-06-26 01:53:42] local.INFO: Detected N+1 Query  
[2025-06-26 01:53:42] local.INFO: Model: App\Models\StudentRecord
Relation: studentSubjects
Num-Called: 26
Call-Stack:
#18 /app/Models/StudentRecord.php:50
#24 /vendor/laravel/framework/src/Illuminate/Collections/Traits/EnumeratesValues.php:931
#30 /vendor/laravel/framework/src/Illuminate/Filesystem/Filesystem.php:124
#31 /vendor/laravel/framework/src/Illuminate/View/Engines/PhpEngine.php:58
#32 /vendor/livewire/livewire/src/Mechanisms/ExtendBlade/ExtendedCompilerEngine.php:22
#33 /vendor/laravel/framework/src/Illuminate/View/Engines/CompilerEngine.php:72
#34 /vendor/livewire/livewire/src/Mechanisms/ExtendBlade/ExtendedCompilerEngine.php:10
#35 /vendor/laravel/framework/src/Illuminate/View/View.php:207
#36 /vendor/laravel/framework/src/Illuminate/View/View.php:190
#37 /vendor/laravel/framework/src/Illuminate/View/View.php:159
#38 /vendor/laravel/framework/src/Illuminate/Http/Response.php:69
#39 /vendor/laravel/framework/src/Illuminate/Http/Response.php:35
#40 /vendor/laravel/framework/src/Illuminate/Routing/Router.php:918
#41 /vendor/laravel/framework/src/Illuminate/Routing/Router.php:885
#42 /vendor/laravel/framework/src/Illuminate/Routing/Router.php:805
#43 /vendor/laravel/framework/src/Illuminate/Pipeline/Pipeline.php:144
#44 /vendor/barryvdh/laravel-debugbar/src/Middleware/InjectDebugbar.php:66
#45 /vendor/laravel/framework/src/Illuminate/Pipeline/Pipeline.php:183
#46 /vendor/laravel/framework/src/Illuminate/Routing/Middleware/SubstituteBindings.php:50
#47 /vendor/laravel/framework/src/Illuminate/Pipeline/Pipeline.php:183
#48 /vendor/laravel/framework/src/Illuminate/Foundation/Http/Middleware/VerifyCsrfToken.php:78
#49 /vendor/laravel/framework/src/Illuminate/Pipeline/Pipeline.php:183
  
[2025-06-26 01:53:52] local.INFO: Detected N+1 Query  
[2025-06-26 01:53:52] local.INFO: Model: App\Models\StudentRecord
Relation: studentSubjects
Num-Called: 26
Call-Stack:
#18 /app/Models/StudentRecord.php:50
#24 /vendor/laravel/framework/src/Illuminate/Collections/Traits/EnumeratesValues.php:931
#30 /vendor/laravel/framework/src/Illuminate/Filesystem/Filesystem.php:124
#31 /vendor/laravel/framework/src/Illuminate/View/Engines/PhpEngine.php:58
#32 /vendor/livewire/livewire/src/Mechanisms/ExtendBlade/ExtendedCompilerEngine.php:22
#33 /vendor/laravel/framework/src/Illuminate/View/Engines/CompilerEngine.php:72
#34 /vendor/livewire/livewire/src/Mechanisms/ExtendBlade/ExtendedCompilerEngine.php:10
#35 /vendor/laravel/framework/src/Illuminate/View/View.php:207
#36 /vendor/laravel/framework/src/Illuminate/View/View.php:190
#37 /vendor/laravel/framework/src/Illuminate/View/View.php:159
#38 /vendor/laravel/framework/src/Illuminate/Http/Response.php:69
#39 /vendor/laravel/framework/src/Illuminate/Http/Response.php:35
#40 /vendor/laravel/framework/src/Illuminate/Routing/Router.php:918
#41 /vendor/laravel/framework/src/Illuminate/Routing/Router.php:885
#42 /vendor/laravel/framework/src/Illuminate/Routing/Router.php:805
#43 /vendor/laravel/framework/src/Illuminate/Pipeline/Pipeline.php:144
#44 /vendor/barryvdh/laravel-debugbar/src/Middleware/InjectDebugbar.php:66
#45 /vendor/laravel/framework/src/Illuminate/Pipeline/Pipeline.php:183
#46 /vendor/laravel/framework/src/Illuminate/Routing/Middleware/SubstituteBindings.php:50
#47 /vendor/laravel/framework/src/Illuminate/Pipeline/Pipeline.php:183
#48 /vendor/laravel/framework/src/Illuminate/Foundation/Http/Middleware/VerifyCsrfToken.php:78
#49 /vendor/laravel/framework/src/Illuminate/Pipeline/Pipeline.php:183
  
[2025-06-26 03:08:02] local.INFO: Detected N+1 Query  
[2025-06-26 03:08:02] local.INFO: Model: App\Models\StudentRecord
Relation: studentSubjects
Num-Called: 22
Call-Stack:
#18 /app/Models/StudentRecord.php:50
#27 /vendor/laravel/framework/src/Illuminate/Filesystem/Filesystem.php:124
#28 /vendor/laravel/framework/src/Illuminate/View/Engines/PhpEngine.php:58
#29 /vendor/livewire/livewire/src/Mechanisms/ExtendBlade/ExtendedCompilerEngine.php:22
#30 /vendor/laravel/framework/src/Illuminate/View/Engines/CompilerEngine.php:72
#31 /vendor/livewire/livewire/src/Mechanisms/ExtendBlade/ExtendedCompilerEngine.php:10
#32 /vendor/laravel/framework/src/Illuminate/View/View.php:207
#33 /vendor/laravel/framework/src/Illuminate/View/View.php:190
#34 /vendor/laravel/framework/src/Illuminate/View/View.php:159
#35 /vendor/laravel/framework/src/Illuminate/Http/Response.php:69
#36 /vendor/laravel/framework/src/Illuminate/Http/Response.php:35
#37 /vendor/laravel/framework/src/Illuminate/Routing/Router.php:918
#38 /vendor/laravel/framework/src/Illuminate/Routing/Router.php:885
#39 /vendor/laravel/framework/src/Illuminate/Routing/Router.php:805
#40 /vendor/laravel/framework/src/Illuminate/Pipeline/Pipeline.php:144
#41 /vendor/barryvdh/laravel-debugbar/src/Middleware/InjectDebugbar.php:66
#42 /vendor/laravel/framework/src/Illuminate/Pipeline/Pipeline.php:183
#43 /vendor/laravel/framework/src/Illuminate/Routing/Middleware/SubstituteBindings.php:50
#44 /vendor/laravel/framework/src/Illuminate/Pipeline/Pipeline.php:183
#45 /vendor/laravel/framework/src/Illuminate/Foundation/Http/Middleware/VerifyCsrfToken.php:78
#46 /vendor/laravel/framework/src/Illuminate/Pipeline/Pipeline.php:183
#47 /vendor/laravel/framework/src/Illuminate/Session/Middleware/AuthenticateSession.php:60
#48 /vendor/laravel/framework/src/Illuminate/Pipeline/Pipeline.php:183
#49 /vendor/laravel/framework/src/Illuminate/View/Middleware/ShareErrorsFromSession.php:49
  
[2025-06-26 03:08:06] local.INFO: Detected N+1 Query  
[2025-06-26 03:08:06] local.INFO: Model: App\Models\StudentRecord
Relation: studentSubjects
Num-Called: 22
Call-Stack:
#18 /app/Models/StudentRecord.php:50
#27 /vendor/laravel/framework/src/Illuminate/Filesystem/Filesystem.php:124
#28 /vendor/laravel/framework/src/Illuminate/View/Engines/PhpEngine.php:58
#29 /vendor/livewire/livewire/src/Mechanisms/ExtendBlade/ExtendedCompilerEngine.php:22
#30 /vendor/laravel/framework/src/Illuminate/View/Engines/CompilerEngine.php:72
#31 /vendor/livewire/livewire/src/Mechanisms/ExtendBlade/ExtendedCompilerEngine.php:10
#32 /vendor/laravel/framework/src/Illuminate/View/View.php:207
#33 /vendor/laravel/framework/src/Illuminate/View/View.php:190
#34 /vendor/laravel/framework/src/Illuminate/View/View.php:159
#35 /vendor/laravel/framework/src/Illuminate/Http/Response.php:69
#36 /vendor/laravel/framework/src/Illuminate/Http/Response.php:35
#37 /vendor/laravel/framework/src/Illuminate/Routing/Router.php:918
#38 /vendor/laravel/framework/src/Illuminate/Routing/Router.php:885
#39 /vendor/laravel/framework/src/Illuminate/Routing/Router.php:805
#40 /vendor/laravel/framework/src/Illuminate/Pipeline/Pipeline.php:144
#41 /vendor/barryvdh/laravel-debugbar/src/Middleware/InjectDebugbar.php:66
#42 /vendor/laravel/framework/src/Illuminate/Pipeline/Pipeline.php:183
#43 /vendor/laravel/framework/src/Illuminate/Routing/Middleware/SubstituteBindings.php:50
#44 /vendor/laravel/framework/src/Illuminate/Pipeline/Pipeline.php:183
#45 /vendor/laravel/framework/src/Illuminate/Foundation/Http/Middleware/VerifyCsrfToken.php:78
#46 /vendor/laravel/framework/src/Illuminate/Pipeline/Pipeline.php:183
#47 /vendor/laravel/framework/src/Illuminate/Session/Middleware/AuthenticateSession.php:60
#48 /vendor/laravel/framework/src/Illuminate/Pipeline/Pipeline.php:183
#49 /vendor/laravel/framework/src/Illuminate/View/Middleware/ShareErrorsFromSession.php:49
  
[2025-06-26 03:08:09] local.INFO: Detected N+1 Query  
[2025-06-26 03:08:09] local.INFO: Model: App\Models\StudentRecord
Relation: studentSubjects
Num-Called: 22
Call-Stack:
#18 /app/Models/StudentRecord.php:50
#27 /vendor/laravel/framework/src/Illuminate/Filesystem/Filesystem.php:124
#28 /vendor/laravel/framework/src/Illuminate/View/Engines/PhpEngine.php:58
#29 /vendor/livewire/livewire/src/Mechanisms/ExtendBlade/ExtendedCompilerEngine.php:22
#30 /vendor/laravel/framework/src/Illuminate/View/Engines/CompilerEngine.php:72
#31 /vendor/livewire/livewire/src/Mechanisms/ExtendBlade/ExtendedCompilerEngine.php:10
#32 /vendor/laravel/framework/src/Illuminate/View/View.php:207
#33 /vendor/laravel/framework/src/Illuminate/View/View.php:190
#34 /vendor/laravel/framework/src/Illuminate/View/View.php:159
#35 /vendor/laravel/framework/src/Illuminate/Http/Response.php:69
#36 /vendor/laravel/framework/src/Illuminate/Http/Response.php:35
#37 /vendor/laravel/framework/src/Illuminate/Routing/Router.php:918
#38 /vendor/laravel/framework/src/Illuminate/Routing/Router.php:885
#39 /vendor/laravel/framework/src/Illuminate/Routing/Router.php:805
#40 /vendor/laravel/framework/src/Illuminate/Pipeline/Pipeline.php:144
#41 /vendor/barryvdh/laravel-debugbar/src/Middleware/InjectDebugbar.php:66
#42 /vendor/laravel/framework/src/Illuminate/Pipeline/Pipeline.php:183
#43 /vendor/laravel/framework/src/Illuminate/Routing/Middleware/SubstituteBindings.php:50
#44 /vendor/laravel/framework/src/Illuminate/Pipeline/Pipeline.php:183
#45 /vendor/laravel/framework/src/Illuminate/Foundation/Http/Middleware/VerifyCsrfToken.php:78
#46 /vendor/laravel/framework/src/Illuminate/Pipeline/Pipeline.php:183
#47 /vendor/laravel/framework/src/Illuminate/Session/Middleware/AuthenticateSession.php:60
#48 /vendor/laravel/framework/src/Illuminate/Pipeline/Pipeline.php:183
#49 /vendor/laravel/framework/src/Illuminate/View/Middleware/ShareErrorsFromSession.php:49
  
[2025-06-26 03:08:37] local.INFO: Detected N+1 Query  
[2025-06-26 03:08:37] local.INFO: Model: App\Models\StudentRecord
Relation: App\Models\User
Num-Called: 20
Call-Stack:
#18 /app/Http/Controllers/ResultController.php:352
#19 /app/Http/Controllers/ResultController.php:462
#20 /vendor/laravel/framework/src/Illuminate/Routing/Controller.php:54
#21 /vendor/laravel/framework/src/Illuminate/Routing/ControllerDispatcher.php:43
#22 /vendor/laravel/framework/src/Illuminate/Routing/Route.php:259
#23 /vendor/laravel/framework/src/Illuminate/Routing/Route.php:205
#24 /vendor/laravel/framework/src/Illuminate/Routing/Router.php:806
#25 /vendor/laravel/framework/src/Illuminate/Pipeline/Pipeline.php:144
#26 /vendor/barryvdh/laravel-debugbar/src/Middleware/InjectDebugbar.php:66
#27 /vendor/laravel/framework/src/Illuminate/Pipeline/Pipeline.php:183
#28 /vendor/laravel/framework/src/Illuminate/Routing/Middleware/SubstituteBindings.php:50
#29 /vendor/laravel/framework/src/Illuminate/Pipeline/Pipeline.php:183
#30 /vendor/laravel/framework/src/Illuminate/Foundation/Http/Middleware/VerifyCsrfToken.php:78
#31 /vendor/laravel/framework/src/Illuminate/Pipeline/Pipeline.php:183
#32 /vendor/laravel/framework/src/Illuminate/Session/Middleware/AuthenticateSession.php:60
#33 /vendor/laravel/framework/src/Illuminate/Pipeline/Pipeline.php:183
#34 /vendor/laravel/framework/src/Illuminate/View/Middleware/ShareErrorsFromSession.php:49
#35 /vendor/laravel/framework/src/Illuminate/Pipeline/Pipeline.php:183
#36 /vendor/laravel/framework/src/Illuminate/Session/Middleware/StartSession.php:121
#37 /vendor/laravel/framework/src/Illuminate/Session/Middleware/StartSession.php:64
#38 /vendor/laravel/framework/src/Illuminate/Pipeline/Pipeline.php:183
#39 /vendor/laravel/framework/src/Illuminate/Cookie/Middleware/AddQueuedCookiesToResponse.php:37
#40 /vendor/laravel/framework/src/Illuminate/Pipeline/Pipeline.php:183
#41 /vendor/laravel/framework/src/Illuminate/Cookie/Middleware/EncryptCookies.php:67
#42 /vendor/laravel/framework/src/Illuminate/Pipeline/Pipeline.php:183
#43 /vendor/laravel/framework/src/Illuminate/Pipeline/Pipeline.php:119
#44 /vendor/laravel/framework/src/Illuminate/Routing/Router.php:805
#45 /vendor/laravel/framework/src/Illuminate/Routing/Router.php:784
#46 /vendor/laravel/framework/src/Illuminate/Routing/Router.php:748
#47 /vendor/laravel/framework/src/Illuminate/Routing/Router.php:737
#48 /vendor/laravel/framework/src/Illuminate/Foundation/Http/Kernel.php:200
#49 /vendor/laravel/framework/src/Illuminate/Pipeline/Pipeline.php:144
  
[2025-06-26 03:08:37] local.INFO: Model: App\Models\StudentRecord
Relation: App\Models\Result
Num-Called: 20
Call-Stack:
#18 /app/Http/Controllers/ResultController.php:352
#19 /app/Http/Controllers/ResultController.php:462
#20 /vendor/laravel/framework/src/Illuminate/Routing/Controller.php:54
#21 /vendor/laravel/framework/src/Illuminate/Routing/ControllerDispatcher.php:43
#22 /vendor/laravel/framework/src/Illuminate/Routing/Route.php:259
#23 /vendor/laravel/framework/src/Illuminate/Routing/Route.php:205
#24 /vendor/laravel/framework/src/Illuminate/Routing/Router.php:806
#25 /vendor/laravel/framework/src/Illuminate/Pipeline/Pipeline.php:144
#26 /vendor/barryvdh/laravel-debugbar/src/Middleware/InjectDebugbar.php:66
#27 /vendor/laravel/framework/src/Illuminate/Pipeline/Pipeline.php:183
#28 /vendor/laravel/framework/src/Illuminate/Routing/Middleware/SubstituteBindings.php:50
#29 /vendor/laravel/framework/src/Illuminate/Pipeline/Pipeline.php:183
#30 /vendor/laravel/framework/src/Illuminate/Foundation/Http/Middleware/VerifyCsrfToken.php:78
#31 /vendor/laravel/framework/src/Illuminate/Pipeline/Pipeline.php:183
#32 /vendor/laravel/framework/src/Illuminate/Session/Middleware/AuthenticateSession.php:60
#33 /vendor/laravel/framework/src/Illuminate/Pipeline/Pipeline.php:183
#34 /vendor/laravel/framework/src/Illuminate/View/Middleware/ShareErrorsFromSession.php:49
#35 /vendor/laravel/framework/src/Illuminate/Pipeline/Pipeline.php:183
#36 /vendor/laravel/framework/src/Illuminate/Session/Middleware/StartSession.php:121
#37 /vendor/laravel/framework/src/Illuminate/Session/Middleware/StartSession.php:64
#38 /vendor/laravel/framework/src/Illuminate/Pipeline/Pipeline.php:183
#39 /vendor/laravel/framework/src/Illuminate/Cookie/Middleware/AddQueuedCookiesToResponse.php:37
#40 /vendor/laravel/framework/src/Illuminate/Pipeline/Pipeline.php:183
#41 /vendor/laravel/framework/src/Illuminate/Cookie/Middleware/EncryptCookies.php:67
#42 /vendor/laravel/framework/src/Illuminate/Pipeline/Pipeline.php:183
#43 /vendor/laravel/framework/src/Illuminate/Pipeline/Pipeline.php:119
#44 /vendor/laravel/framework/src/Illuminate/Routing/Router.php:805
#45 /vendor/laravel/framework/src/Illuminate/Routing/Router.php:784
#46 /vendor/laravel/framework/src/Illuminate/Routing/Router.php:748
#47 /vendor/laravel/framework/src/Illuminate/Routing/Router.php:737
#48 /vendor/laravel/framework/src/Illuminate/Foundation/Http/Kernel.php:200
#49 /vendor/laravel/framework/src/Illuminate/Pipeline/Pipeline.php:144
  
[2025-06-26 03:09:04] local.INFO: Detected N+1 Query  
[2025-06-26 03:09:04] local.INFO: Model: App\Models\StudentRecord
Relation: studentSubjects
Num-Called: 22
Call-Stack:
#18 /app/Models/StudentRecord.php:50
#27 /vendor/laravel/framework/src/Illuminate/Filesystem/Filesystem.php:124
#28 /vendor/laravel/framework/src/Illuminate/View/Engines/PhpEngine.php:58
#29 /vendor/livewire/livewire/src/Mechanisms/ExtendBlade/ExtendedCompilerEngine.php:22
#30 /vendor/laravel/framework/src/Illuminate/View/Engines/CompilerEngine.php:72
#31 /vendor/livewire/livewire/src/Mechanisms/ExtendBlade/ExtendedCompilerEngine.php:10
#32 /vendor/laravel/framework/src/Illuminate/View/View.php:207
#33 /vendor/laravel/framework/src/Illuminate/View/View.php:190
#34 /vendor/laravel/framework/src/Illuminate/View/View.php:159
#35 /vendor/laravel/framework/src/Illuminate/Http/Response.php:69
#36 /vendor/laravel/framework/src/Illuminate/Http/Response.php:35
#37 /vendor/laravel/framework/src/Illuminate/Routing/Router.php:918
#38 /vendor/laravel/framework/src/Illuminate/Routing/Router.php:885
#39 /vendor/laravel/framework/src/Illuminate/Routing/Router.php:805
#40 /vendor/laravel/framework/src/Illuminate/Pipeline/Pipeline.php:144
#41 /vendor/barryvdh/laravel-debugbar/src/Middleware/InjectDebugbar.php:66
#42 /vendor/laravel/framework/src/Illuminate/Pipeline/Pipeline.php:183
#43 /vendor/laravel/framework/src/Illuminate/Routing/Middleware/SubstituteBindings.php:50
#44 /vendor/laravel/framework/src/Illuminate/Pipeline/Pipeline.php:183
#45 /vendor/laravel/framework/src/Illuminate/Foundation/Http/Middleware/VerifyCsrfToken.php:78
#46 /vendor/laravel/framework/src/Illuminate/Pipeline/Pipeline.php:183
#47 /vendor/laravel/framework/src/Illuminate/Session/Middleware/AuthenticateSession.php:60
#48 /vendor/laravel/framework/src/Illuminate/Pipeline/Pipeline.php:183
#49 /vendor/laravel/framework/src/Illuminate/View/Middleware/ShareErrorsFromSession.php:49
  
[2025-06-26 03:10:11] local.INFO: Detected N+1 Query  
[2025-06-26 03:10:11] local.INFO: Model: App\Models\StudentRecord
Relation: myClass
Num-Called: 10
Call-Stack:
#20 /storage/framework/views/5eba1571ffb455e276d0bf286350d49e.php:380
#22 /vendor/livewire/livewire/src/Mechanisms/ExtendBlade/ExtendedCompilerEngine.php:38
#23 /vendor/laravel/framework/src/Illuminate/View/Engines/CompilerEngine.php:72
#24 /vendor/livewire/livewire/src/Mechanisms/ExtendBlade/ExtendedCompilerEngine.php:16
#25 /vendor/laravel/framework/src/Illuminate/View/View.php:207
#26 /vendor/laravel/framework/src/Illuminate/View/View.php:190
#27 /vendor/laravel/framework/src/Illuminate/View/View.php:159
#28 /vendor/livewire/livewire/src/Mechanisms/HandleComponents/HandleComponents.php:241
#29 /vendor/livewire/livewire/src/Mechanisms/HandleComponents/HandleComponents.php:285
#30 /vendor/livewire/livewire/src/Mechanisms/HandleComponents/HandleComponents.php:233
#31 /vendor/livewire/livewire/src/Mechanisms/HandleComponents/HandleComponents.php:104
#32 /vendor/livewire/livewire/src/LivewireManager.php:102
#33 /vendor/livewire/livewire/src/Mechanisms/HandleRequests/HandleRequests.php:94
#34 /vendor/laravel/framework/src/Illuminate/Routing/ControllerDispatcher.php:46
#35 /vendor/laravel/framework/src/Illuminate/Routing/Route.php:259
#36 /vendor/laravel/framework/src/Illuminate/Routing/Route.php:205
#37 /vendor/laravel/framework/src/Illuminate/Routing/Router.php:806
#38 /vendor/laravel/framework/src/Illuminate/Pipeline/Pipeline.php:144
#39 /vendor/barryvdh/laravel-debugbar/src/Middleware/InjectDebugbar.php:66
#40 /vendor/laravel/framework/src/Illuminate/Pipeline/Pipeline.php:183
#41 /vendor/laravel/framework/src/Illuminate/Routing/Middleware/SubstituteBindings.php:50
#42 /vendor/laravel/framework/src/Illuminate/Pipeline/Pipeline.php:183
#43 /vendor/laravel/framework/src/Illuminate/Foundation/Http/Middleware/VerifyCsrfToken.php:78
#44 /vendor/laravel/framework/src/Illuminate/Pipeline/Pipeline.php:183
#45 /vendor/laravel/framework/src/Illuminate/Session/Middleware/AuthenticateSession.php:60
#46 /vendor/laravel/framework/src/Illuminate/Pipeline/Pipeline.php:183
#47 /vendor/laravel/framework/src/Illuminate/View/Middleware/ShareErrorsFromSession.php:49
#48 /vendor/laravel/framework/src/Illuminate/Pipeline/Pipeline.php:183
#49 /vendor/laravel/framework/src/Illuminate/Session/Middleware/StartSession.php:121
  
[2025-06-26 03:10:45] local.INFO: Detected N+1 Query  
[2025-06-26 03:10:45] local.INFO: Model: App\Models\StudentRecord
Relation: myClass
Num-Called: 10
Call-Stack:
#20 /storage/framework/views/5eba1571ffb455e276d0bf286350d49e.php:380
#22 /vendor/livewire/livewire/src/Mechanisms/ExtendBlade/ExtendedCompilerEngine.php:38
#23 /vendor/laravel/framework/src/Illuminate/View/Engines/CompilerEngine.php:72
#24 /vendor/livewire/livewire/src/Mechanisms/ExtendBlade/ExtendedCompilerEngine.php:16
#25 /vendor/laravel/framework/src/Illuminate/View/View.php:207
#26 /vendor/laravel/framework/src/Illuminate/View/View.php:190
#27 /vendor/laravel/framework/src/Illuminate/View/View.php:159
#28 /vendor/livewire/livewire/src/Mechanisms/HandleComponents/HandleComponents.php:241
#29 /vendor/livewire/livewire/src/Mechanisms/HandleComponents/HandleComponents.php:285
#30 /vendor/livewire/livewire/src/Mechanisms/HandleComponents/HandleComponents.php:233
#31 /vendor/livewire/livewire/src/Mechanisms/HandleComponents/HandleComponents.php:104
#32 /vendor/livewire/livewire/src/LivewireManager.php:102
#33 /vendor/livewire/livewire/src/Mechanisms/HandleRequests/HandleRequests.php:94
#34 /vendor/laravel/framework/src/Illuminate/Routing/ControllerDispatcher.php:46
#35 /vendor/laravel/framework/src/Illuminate/Routing/Route.php:259
#36 /vendor/laravel/framework/src/Illuminate/Routing/Route.php:205
#37 /vendor/laravel/framework/src/Illuminate/Routing/Router.php:806
#38 /vendor/laravel/framework/src/Illuminate/Pipeline/Pipeline.php:144
#39 /vendor/barryvdh/laravel-debugbar/src/Middleware/InjectDebugbar.php:66
#40 /vendor/laravel/framework/src/Illuminate/Pipeline/Pipeline.php:183
#41 /vendor/laravel/framework/src/Illuminate/Routing/Middleware/SubstituteBindings.php:50
#42 /vendor/laravel/framework/src/Illuminate/Pipeline/Pipeline.php:183
#43 /vendor/laravel/framework/src/Illuminate/Foundation/Http/Middleware/VerifyCsrfToken.php:78
#44 /vendor/laravel/framework/src/Illuminate/Pipeline/Pipeline.php:183
#45 /vendor/laravel/framework/src/Illuminate/Session/Middleware/AuthenticateSession.php:60
#46 /vendor/laravel/framework/src/Illuminate/Pipeline/Pipeline.php:183
#47 /vendor/laravel/framework/src/Illuminate/View/Middleware/ShareErrorsFromSession.php:49
#48 /vendor/laravel/framework/src/Illuminate/Pipeline/Pipeline.php:183
#49 /vendor/laravel/framework/src/Illuminate/Session/Middleware/StartSession.php:121
  
[2025-06-26 03:10:50] local.INFO: Detected N+1 Query  
[2025-06-26 03:10:50] local.INFO: Model: App\Models\StudentRecord
Relation: myClass
Num-Called: 10
Call-Stack:
#20 /storage/framework/views/5eba1571ffb455e276d0bf286350d49e.php:380
#22 /vendor/livewire/livewire/src/Mechanisms/ExtendBlade/ExtendedCompilerEngine.php:38
#23 /vendor/laravel/framework/src/Illuminate/View/Engines/CompilerEngine.php:72
#24 /vendor/livewire/livewire/src/Mechanisms/ExtendBlade/ExtendedCompilerEngine.php:16
#25 /vendor/laravel/framework/src/Illuminate/View/View.php:207
#26 /vendor/laravel/framework/src/Illuminate/View/View.php:190
#27 /vendor/laravel/framework/src/Illuminate/View/View.php:159
#28 /vendor/livewire/livewire/src/Mechanisms/HandleComponents/HandleComponents.php:241
#29 /vendor/livewire/livewire/src/Mechanisms/HandleComponents/HandleComponents.php:285
#30 /vendor/livewire/livewire/src/Mechanisms/HandleComponents/HandleComponents.php:233
#31 /vendor/livewire/livewire/src/Mechanisms/HandleComponents/HandleComponents.php:104
#32 /vendor/livewire/livewire/src/LivewireManager.php:102
#33 /vendor/livewire/livewire/src/Mechanisms/HandleRequests/HandleRequests.php:94
#34 /vendor/laravel/framework/src/Illuminate/Routing/ControllerDispatcher.php:46
#35 /vendor/laravel/framework/src/Illuminate/Routing/Route.php:259
#36 /vendor/laravel/framework/src/Illuminate/Routing/Route.php:205
#37 /vendor/laravel/framework/src/Illuminate/Routing/Router.php:806
#38 /vendor/laravel/framework/src/Illuminate/Pipeline/Pipeline.php:144
#39 /vendor/barryvdh/laravel-debugbar/src/Middleware/InjectDebugbar.php:66
#40 /vendor/laravel/framework/src/Illuminate/Pipeline/Pipeline.php:183
#41 /vendor/laravel/framework/src/Illuminate/Routing/Middleware/SubstituteBindings.php:50
#42 /vendor/laravel/framework/src/Illuminate/Pipeline/Pipeline.php:183
#43 /vendor/laravel/framework/src/Illuminate/Foundation/Http/Middleware/VerifyCsrfToken.php:78
#44 /vendor/laravel/framework/src/Illuminate/Pipeline/Pipeline.php:183
#45 /vendor/laravel/framework/src/Illuminate/Session/Middleware/AuthenticateSession.php:60
#46 /vendor/laravel/framework/src/Illuminate/Pipeline/Pipeline.php:183
#47 /vendor/laravel/framework/src/Illuminate/View/Middleware/ShareErrorsFromSession.php:49
#48 /vendor/laravel/framework/src/Illuminate/Pipeline/Pipeline.php:183
#49 /vendor/laravel/framework/src/Illuminate/Session/Middleware/StartSession.php:121
  
