[2026-03-12 13:29:52] local.INFO: Detected N+1 Query  
[2026-03-12 13:29:52] local.INFO: Model: App\Models\MyClass
Relation: App\Models\ClassGroup
Num-Called: 2
Call-Stack:
#29 /app/Livewire/Classes/ManageClasses.php:743
#30 /app/Livewire/Classes/ManageClasses.php:144
#31 /vendor/laravel/framework/src/Illuminate/Container/BoundMethod.php:36
#32 /vendor/laravel/framework/src/Illuminate/Container/Util.php:41
#33 /vendor/laravel/framework/src/Illuminate/Container/BoundMethod.php:93
#34 /vendor/laravel/framework/src/Illuminate/Container/BoundMethod.php:35
#35 /vendor/livewire/livewire/src/Wrapped.php:23
#36 /vendor/livewire/livewire/src/Mechanisms/HandleComponents/HandleComponents.php:492
#37 /vendor/livewire/livewire/src/Mechanisms/HandleComponents/HandleComponents.php:101
#38 /vendor/livewire/livewire/src/LivewireManager.php:102
#39 /vendor/livewire/livewire/src/Mechanisms/HandleRequests/HandleRequests.php:131
#40 /vendor/laravel/framework/src/Illuminate/Routing/ControllerDispatcher.php:46
#41 /vendor/laravel/framework/src/Illuminate/Routing/Route.php:259
#42 /vendor/laravel/framework/src/Illuminate/Routing/Route.php:205
#43 /vendor/laravel/framework/src/Illuminate/Routing/Router.php:806
#44 /vendor/laravel/framework/src/Illuminate/Pipeline/Pipeline.php:144
#45 /vendor/barryvdh/laravel-debugbar/src/Middleware/InjectDebugbar.php:59
#46 /vendor/laravel/framework/src/Illuminate/Pipeline/Pipeline.php:183
#47 /vendor/laravel/framework/src/Illuminate/Routing/Middleware/SubstituteBindings.php:50
#48 /vendor/laravel/framework/src/Illuminate/Pipeline/Pipeline.php:183
#49 /vendor/laravel/framework/src/Illuminate/Foundation/Http/Middleware/VerifyCsrfToken.php:78
  
[2026-03-12 14:04:33] local.INFO: Detected N+1 Query  
[2026-03-12 14:04:33] local.INFO: Model: App\Models\MyClass
Relation: App\Models\ClassGroup
Num-Called: 2
Call-Stack:
#29 /app/Livewire/Classes/ManageClasses.php:743
#30 /app/Livewire/Classes/ManageClasses.php:144
#31 /vendor/laravel/framework/src/Illuminate/Container/BoundMethod.php:36
#32 /vendor/laravel/framework/src/Illuminate/Container/Util.php:41
#33 /vendor/laravel/framework/src/Illuminate/Container/BoundMethod.php:93
#34 /vendor/laravel/framework/src/Illuminate/Container/BoundMethod.php:35
#35 /vendor/livewire/livewire/src/Wrapped.php:23
#36 /vendor/livewire/livewire/src/Mechanisms/HandleComponents/HandleComponents.php:492
#37 /vendor/livewire/livewire/src/Mechanisms/HandleComponents/HandleComponents.php:101
#38 /vendor/livewire/livewire/src/LivewireManager.php:102
#39 /vendor/livewire/livewire/src/Mechanisms/HandleRequests/HandleRequests.php:131
#40 /vendor/laravel/framework/src/Illuminate/Routing/ControllerDispatcher.php:46
#41 /vendor/laravel/framework/src/Illuminate/Routing/Route.php:259
#42 /vendor/laravel/framework/src/Illuminate/Routing/Route.php:205
#43 /vendor/laravel/framework/src/Illuminate/Routing/Router.php:806
#44 /vendor/laravel/framework/src/Illuminate/Pipeline/Pipeline.php:144
#45 /vendor/barryvdh/laravel-debugbar/src/Middleware/InjectDebugbar.php:59
#46 /vendor/laravel/framework/src/Illuminate/Pipeline/Pipeline.php:183
#47 /vendor/laravel/framework/src/Illuminate/Routing/Middleware/SubstituteBindings.php:50
#48 /vendor/laravel/framework/src/Illuminate/Pipeline/Pipeline.php:183
#49 /vendor/laravel/framework/src/Illuminate/Foundation/Http/Middleware/VerifyCsrfToken.php:78
  
[2026-03-12 14:04:46] local.INFO: Detected N+1 Query  
[2026-03-12 14:04:46] local.INFO: Model: App\Models\Subject
Relation: classes
Num-Called: 16
Call-Stack:
#18 /storage/framework/views/436fada7147afc7d48c05f23ebf0e269.php:776
#20 /vendor/livewire/livewire/src/Mechanisms/ExtendBlade/ExtendedCompilerEngine.php:38
#21 /vendor/laravel/framework/src/Illuminate/View/Engines/CompilerEngine.php:72
#22 /vendor/livewire/livewire/src/Mechanisms/ExtendBlade/ExtendedCompilerEngine.php:16
#23 /vendor/laravel/framework/src/Illuminate/View/View.php:207
#24 /vendor/laravel/framework/src/Illuminate/View/View.php:190
#25 /vendor/laravel/framework/src/Illuminate/View/View.php:159
#26 /vendor/livewire/livewire/src/Mechanisms/HandleComponents/HandleComponents.php:259
#27 /vendor/livewire/livewire/src/Mechanisms/HandleComponents/HandleComponents.php:303
#28 /vendor/livewire/livewire/src/Mechanisms/HandleComponents/HandleComponents.php:251
#29 /vendor/livewire/livewire/src/Mechanisms/HandleComponents/HandleComponents.php:104
#30 /vendor/livewire/livewire/src/LivewireManager.php:102
#31 /vendor/livewire/livewire/src/Mechanisms/HandleRequests/HandleRequests.php:131
#32 /vendor/laravel/framework/src/Illuminate/Routing/ControllerDispatcher.php:46
#33 /vendor/laravel/framework/src/Illuminate/Routing/Route.php:259
#34 /vendor/laravel/framework/src/Illuminate/Routing/Route.php:205
#35 /vendor/laravel/framework/src/Illuminate/Routing/Router.php:806
#36 /vendor/laravel/framework/src/Illuminate/Pipeline/Pipeline.php:144
#37 /vendor/barryvdh/laravel-debugbar/src/Middleware/InjectDebugbar.php:59
#38 /vendor/laravel/framework/src/Illuminate/Pipeline/Pipeline.php:183
#39 /vendor/laravel/framework/src/Illuminate/Routing/Middleware/SubstituteBindings.php:50
#40 /vendor/laravel/framework/src/Illuminate/Pipeline/Pipeline.php:183
#41 /vendor/laravel/framework/src/Illuminate/Foundation/Http/Middleware/VerifyCsrfToken.php:78
#42 /vendor/laravel/framework/src/Illuminate/Pipeline/Pipeline.php:183
#43 /vendor/laravel/framework/src/Illuminate/View/Middleware/ShareErrorsFromSession.php:49
#44 /vendor/laravel/framework/src/Illuminate/Pipeline/Pipeline.php:183
#45 /app/Http/Middleware/RestrictTeacherPortalAccess.php:17
#46 /vendor/laravel/framework/src/Illuminate/Pipeline/Pipeline.php:183
#47 /vendor/laravel/framework/src/Illuminate/Session/Middleware/StartSession.php:121
#48 /vendor/laravel/framework/src/Illuminate/Session/Middleware/StartSession.php:64
#49 /vendor/laravel/framework/src/Illuminate/Pipeline/Pipeline.php:183
  
[2026-03-12 14:04:46] local.INFO: Model: App\Models\Subject
Relation: teachers
Num-Called: 16
Call-Stack:
#18 /storage/framework/views/436fada7147afc7d48c05f23ebf0e269.php:798
#20 /vendor/livewire/livewire/src/Mechanisms/ExtendBlade/ExtendedCompilerEngine.php:38
#21 /vendor/laravel/framework/src/Illuminate/View/Engines/CompilerEngine.php:72
#22 /vendor/livewire/livewire/src/Mechanisms/ExtendBlade/ExtendedCompilerEngine.php:16
#23 /vendor/laravel/framework/src/Illuminate/View/View.php:207
#24 /vendor/laravel/framework/src/Illuminate/View/View.php:190
#25 /vendor/laravel/framework/src/Illuminate/View/View.php:159
#26 /vendor/livewire/livewire/src/Mechanisms/HandleComponents/HandleComponents.php:259
#27 /vendor/livewire/livewire/src/Mechanisms/HandleComponents/HandleComponents.php:303
#28 /vendor/livewire/livewire/src/Mechanisms/HandleComponents/HandleComponents.php:251
#29 /vendor/livewire/livewire/src/Mechanisms/HandleComponents/HandleComponents.php:104
#30 /vendor/livewire/livewire/src/LivewireManager.php:102
#31 /vendor/livewire/livewire/src/Mechanisms/HandleRequests/HandleRequests.php:131
#32 /vendor/laravel/framework/src/Illuminate/Routing/ControllerDispatcher.php:46
#33 /vendor/laravel/framework/src/Illuminate/Routing/Route.php:259
#34 /vendor/laravel/framework/src/Illuminate/Routing/Route.php:205
#35 /vendor/laravel/framework/src/Illuminate/Routing/Router.php:806
#36 /vendor/laravel/framework/src/Illuminate/Pipeline/Pipeline.php:144
#37 /vendor/barryvdh/laravel-debugbar/src/Middleware/InjectDebugbar.php:59
#38 /vendor/laravel/framework/src/Illuminate/Pipeline/Pipeline.php:183
#39 /vendor/laravel/framework/src/Illuminate/Routing/Middleware/SubstituteBindings.php:50
#40 /vendor/laravel/framework/src/Illuminate/Pipeline/Pipeline.php:183
#41 /vendor/laravel/framework/src/Illuminate/Foundation/Http/Middleware/VerifyCsrfToken.php:78
#42 /vendor/laravel/framework/src/Illuminate/Pipeline/Pipeline.php:183
#43 /vendor/laravel/framework/src/Illuminate/View/Middleware/ShareErrorsFromSession.php:49
#44 /vendor/laravel/framework/src/Illuminate/Pipeline/Pipeline.php:183
#45 /app/Http/Middleware/RestrictTeacherPortalAccess.php:17
#46 /vendor/laravel/framework/src/Illuminate/Pipeline/Pipeline.php:183
#47 /vendor/laravel/framework/src/Illuminate/Session/Middleware/StartSession.php:121
#48 /vendor/laravel/framework/src/Illuminate/Session/Middleware/StartSession.php:64
#49 /vendor/laravel/framework/src/Illuminate/Pipeline/Pipeline.php:183
  
[2026-03-12 14:04:57] local.INFO: Detected N+1 Query  
[2026-03-12 14:04:57] local.INFO: Model: App\Models\Subject
Relation: classes
Num-Called: 16
Call-Stack:
#18 /storage/framework/views/436fada7147afc7d48c05f23ebf0e269.php:776
#20 /vendor/livewire/livewire/src/Mechanisms/ExtendBlade/ExtendedCompilerEngine.php:38
#21 /vendor/laravel/framework/src/Illuminate/View/Engines/CompilerEngine.php:72
#22 /vendor/livewire/livewire/src/Mechanisms/ExtendBlade/ExtendedCompilerEngine.php:16
#23 /vendor/laravel/framework/src/Illuminate/View/View.php:207
#24 /vendor/laravel/framework/src/Illuminate/View/View.php:190
#25 /vendor/laravel/framework/src/Illuminate/View/View.php:159
#26 /vendor/livewire/livewire/src/Mechanisms/HandleComponents/HandleComponents.php:259
#27 /vendor/livewire/livewire/src/Mechanisms/HandleComponents/HandleComponents.php:303
#28 /vendor/livewire/livewire/src/Mechanisms/HandleComponents/HandleComponents.php:251
#29 /vendor/livewire/livewire/src/Mechanisms/HandleComponents/HandleComponents.php:104
#30 /vendor/livewire/livewire/src/LivewireManager.php:102
#31 /vendor/livewire/livewire/src/Mechanisms/HandleRequests/HandleRequests.php:131
#32 /vendor/laravel/framework/src/Illuminate/Routing/ControllerDispatcher.php:46
#33 /vendor/laravel/framework/src/Illuminate/Routing/Route.php:259
#34 /vendor/laravel/framework/src/Illuminate/Routing/Route.php:205
#35 /vendor/laravel/framework/src/Illuminate/Routing/Router.php:806
#36 /vendor/laravel/framework/src/Illuminate/Pipeline/Pipeline.php:144
#37 /vendor/barryvdh/laravel-debugbar/src/Middleware/InjectDebugbar.php:59
#38 /vendor/laravel/framework/src/Illuminate/Pipeline/Pipeline.php:183
#39 /vendor/laravel/framework/src/Illuminate/Routing/Middleware/SubstituteBindings.php:50
#40 /vendor/laravel/framework/src/Illuminate/Pipeline/Pipeline.php:183
#41 /vendor/laravel/framework/src/Illuminate/Foundation/Http/Middleware/VerifyCsrfToken.php:78
#42 /vendor/laravel/framework/src/Illuminate/Pipeline/Pipeline.php:183
#43 /vendor/laravel/framework/src/Illuminate/View/Middleware/ShareErrorsFromSession.php:49
#44 /vendor/laravel/framework/src/Illuminate/Pipeline/Pipeline.php:183
#45 /app/Http/Middleware/RestrictTeacherPortalAccess.php:17
#46 /vendor/laravel/framework/src/Illuminate/Pipeline/Pipeline.php:183
#47 /vendor/laravel/framework/src/Illuminate/Session/Middleware/StartSession.php:121
#48 /vendor/laravel/framework/src/Illuminate/Session/Middleware/StartSession.php:64
#49 /vendor/laravel/framework/src/Illuminate/Pipeline/Pipeline.php:183
  
[2026-03-12 14:04:57] local.INFO: Model: App\Models\Subject
Relation: teachers
Num-Called: 16
Call-Stack:
#18 /storage/framework/views/436fada7147afc7d48c05f23ebf0e269.php:798
#20 /vendor/livewire/livewire/src/Mechanisms/ExtendBlade/ExtendedCompilerEngine.php:38
#21 /vendor/laravel/framework/src/Illuminate/View/Engines/CompilerEngine.php:72
#22 /vendor/livewire/livewire/src/Mechanisms/ExtendBlade/ExtendedCompilerEngine.php:16
#23 /vendor/laravel/framework/src/Illuminate/View/View.php:207
#24 /vendor/laravel/framework/src/Illuminate/View/View.php:190
#25 /vendor/laravel/framework/src/Illuminate/View/View.php:159
#26 /vendor/livewire/livewire/src/Mechanisms/HandleComponents/HandleComponents.php:259
#27 /vendor/livewire/livewire/src/Mechanisms/HandleComponents/HandleComponents.php:303
#28 /vendor/livewire/livewire/src/Mechanisms/HandleComponents/HandleComponents.php:251
#29 /vendor/livewire/livewire/src/Mechanisms/HandleComponents/HandleComponents.php:104
#30 /vendor/livewire/livewire/src/LivewireManager.php:102
#31 /vendor/livewire/livewire/src/Mechanisms/HandleRequests/HandleRequests.php:131
#32 /vendor/laravel/framework/src/Illuminate/Routing/ControllerDispatcher.php:46
#33 /vendor/laravel/framework/src/Illuminate/Routing/Route.php:259
#34 /vendor/laravel/framework/src/Illuminate/Routing/Route.php:205
#35 /vendor/laravel/framework/src/Illuminate/Routing/Router.php:806
#36 /vendor/laravel/framework/src/Illuminate/Pipeline/Pipeline.php:144
#37 /vendor/barryvdh/laravel-debugbar/src/Middleware/InjectDebugbar.php:59
#38 /vendor/laravel/framework/src/Illuminate/Pipeline/Pipeline.php:183
#39 /vendor/laravel/framework/src/Illuminate/Routing/Middleware/SubstituteBindings.php:50
#40 /vendor/laravel/framework/src/Illuminate/Pipeline/Pipeline.php:183
#41 /vendor/laravel/framework/src/Illuminate/Foundation/Http/Middleware/VerifyCsrfToken.php:78
#42 /vendor/laravel/framework/src/Illuminate/Pipeline/Pipeline.php:183
#43 /vendor/laravel/framework/src/Illuminate/View/Middleware/ShareErrorsFromSession.php:49
#44 /vendor/laravel/framework/src/Illuminate/Pipeline/Pipeline.php:183
#45 /app/Http/Middleware/RestrictTeacherPortalAccess.php:17
#46 /vendor/laravel/framework/src/Illuminate/Pipeline/Pipeline.php:183
#47 /vendor/laravel/framework/src/Illuminate/Session/Middleware/StartSession.php:121
#48 /vendor/laravel/framework/src/Illuminate/Session/Middleware/StartSession.php:64
#49 /vendor/laravel/framework/src/Illuminate/Pipeline/Pipeline.php:183
  
